<?xml version="1.0" encoding="UTF-8"?>
<coverage generated="1746239782090" clover="3.2.0">
  <project timestamp="1746239782090" name="All files">
    <metrics statements="62" coveredstatements="42" conditionals="34" coveredconditionals="25" methods="18" coveredmethods="14" elements="114" coveredelements="81" complexity="0" loc="62" ncloc="62" packages="1" files="7" classes="7"/>
    <file name="AddProducts.jsx" path="/home/vmuser/Desktop/web/artisanMarketPlace/src/components/AddProducts.jsx">
      <metrics statements="25" coveredstatements="7" conditionals="8" coveredconditionals="2" methods="5" coveredmethods="1"/>
      <line num="12" count="4" type="stmt"/>
      <line num="13" count="4" type="stmt"/>
      <line num="14" count="4" type="stmt"/>
      <line num="21" count="4" type="stmt"/>
      <line num="23" count="4" type="stmt"/>
      <line num="24" count="0" type="stmt"/>
      <line num="25" count="0" type="cond" truecount="0" falsecount="2"/>
      <line num="26" count="0" type="stmt"/>
      <line num="28" count="0" type="stmt"/>
      <line num="32" count="4" type="stmt"/>
      <line num="33" count="0" type="stmt"/>
      <line num="34" count="0" type="cond" truecount="0" falsecount="2"/>
      <line num="35" count="0" type="stmt"/>
      <line num="37" count="0" type="stmt"/>
      <line num="38" count="0" type="stmt"/>
      <line num="39" count="0" type="stmt"/>
      <line num="40" count="0" type="stmt"/>
      <line num="41" count="0" type="stmt"/>
      <line num="43" count="0" type="stmt"/>
      <line num="44" count="0" type="stmt"/>
      <line num="46" count="0" type="stmt"/>
      <line num="57" count="0" type="stmt"/>
      <line num="59" count="0" type="stmt"/>
      <line num="61" count="0" type="stmt"/>
      <line num="65" count="4" type="stmt"/>
    </file>
    <file name="BuyerHomeButton.jsx" path="/home/vmuser/Desktop/web/artisanMarketPlace/src/components/BuyerHomeButton.jsx">
      <metrics statements="2" coveredstatements="2" conditionals="0" coveredconditionals="0" methods="1" coveredmethods="1"/>
      <line num="4" count="1" type="stmt"/>
      <line num="5" count="3" type="stmt"/>
    </file>
    <file name="BuyerHomeInput.jsx" path="/home/vmuser/Desktop/web/artisanMarketPlace/src/components/BuyerHomeInput.jsx">
      <metrics statements="2" coveredstatements="2" conditionals="2" coveredconditionals="1" methods="1" coveredmethods="1"/>
      <line num="3" count="1" type="stmt"/>
      <line num="4" count="3" type="stmt"/>
    </file>
    <file name="LoadingBar.jsx" path="/home/vmuser/Desktop/web/artisanMarketPlace/src/components/LoadingBar.jsx">
      <metrics statements="13" coveredstatements="13" conditionals="5" coveredconditionals="5" methods="4" coveredmethods="4"/>
      <line num="6" count="6" type="stmt"/>
      <line num="8" count="6" type="stmt"/>
      <line num="9" count="3" type="stmt"/>
      <line num="10" count="3" type="stmt"/>
      <line num="11" count="251" type="cond" truecount="2" falsecount="0"/>
      <line num="12" count="251" type="stmt"/>
      <line num="13" count="251" type="stmt"/>
      <line num="14" count="251" type="stmt"/>
      <line num="15" count="251" type="cond" truecount="2" falsecount="0"/>
      <line num="16" count="250" type="stmt"/>
      <line num="19" count="3" type="stmt"/>
      <line num="20" count="3" type="stmt"/>
      <line num="23" count="6" type="stmt"/>
    </file>
    <file name="footer.jsx" path="/home/vmuser/Desktop/web/artisanMarketPlace/src/components/footer.jsx">
      <metrics statements="1" coveredstatements="1" conditionals="0" coveredconditionals="0" methods="1" coveredmethods="1"/>
      <line num="3" count="2" type="stmt"/>
    </file>
    <file name="nav.jsx" path="/home/vmuser/Desktop/web/artisanMarketPlace/src/components/nav.jsx">
      <metrics statements="3" coveredstatements="3" conditionals="4" coveredconditionals="4" methods="2" coveredmethods="2"/>
      <line num="5" count="5" type="stmt"/>
      <line num="7" count="5" type="stmt"/>
      <line num="22" count="2" type="stmt"/>
    </file>
    <file name="seller_card.jsx" path="/home/vmuser/Desktop/web/artisanMarketPlace/src/components/seller_card.jsx">
      <metrics statements="16" coveredstatements="14" conditionals="15" coveredconditionals="13" methods="4" coveredmethods="4"/>
      <line num="6" count="7" type="cond" truecount="2" falsecount="0"/>
      <line num="7" count="7" type="stmt"/>
      <line num="10" count="7" type="stmt"/>
      <line num="11" count="7" type="cond" truecount="3" falsecount="2"/>
      <line num="13" count="2" type="stmt"/>
      <line num="15" count="0" type="stmt"/>
      <line num="17" count="4" type="stmt"/>
      <line num="19" count="0" type="stmt"/>
      <line num="21" count="1" type="stmt"/>
      <line num="25" count="7" type="stmt"/>
      <line num="26" count="1" type="stmt"/>
      <line num="29" count="7" type="stmt"/>
      <line num="30" count="2" type="stmt"/>
      <line num="32" count="2" type="cond" truecount="2" falsecount="0"/>
      <line num="33" count="1" type="stmt"/>
      <line num="37" count="7" type="stmt"/>
    </file>
  </project>
</coverage>
