<?xml version="1.0" encoding="UTF-8"?>
<coverage generated="1746068852902" clover="3.2.0">
  <project timestamp="1746068852902" name="All files">
    <metrics statements="37" coveredstatements="35" conditionals="26" coveredconditionals="23" methods="13" coveredmethods="13" elements="76" coveredelements="71" complexity="0" loc="37" ncloc="37" packages="1" files="6" classes="6"/>
    <file name="BuyerHomeButton.jsx" path="/home/vmuser/Desktop/website/artisanMarketPlace/src/components/BuyerHomeButton.jsx">
      <metrics statements="2" coveredstatements="2" conditionals="0" coveredconditionals="0" methods="1" coveredmethods="1"/>
      <line num="4" count="1" type="stmt"/>
      <line num="5" count="3" type="stmt"/>
    </file>
    <file name="BuyerHomeInput.jsx" path="/home/vmuser/Desktop/website/artisanMarketPlace/src/components/BuyerHomeInput.jsx">
      <metrics statements="2" coveredstatements="2" conditionals="2" coveredconditionals="1" methods="1" coveredmethods="1"/>
      <line num="3" count="1" type="stmt"/>
      <line num="4" count="3" type="stmt"/>
    </file>
    <file name="LoadingBar.jsx" path="/home/vmuser/Desktop/website/artisanMarketPlace/src/components/LoadingBar.jsx">
      <metrics statements="13" coveredstatements="13" conditionals="5" coveredconditionals="5" methods="4" coveredmethods="4"/>
      <line num="6" count="6" type="stmt"/>
      <line num="8" count="6" type="stmt"/>
      <line num="9" count="3" type="stmt"/>
      <line num="10" count="3" type="stmt"/>
      <line num="11" count="251" type="cond" truecount="2" falsecount="0"/>
      <line num="12" count="251" type="stmt"/>
      <line num="13" count="251" type="stmt"/>
      <line num="14" count="251" type="stmt"/>
      <line num="15" count="251" type="cond" truecount="2" falsecount="0"/>
      <line num="16" count="250" type="stmt"/>
      <line num="19" count="3" type="stmt"/>
      <line num="20" count="3" type="stmt"/>
      <line num="23" count="6" type="stmt"/>
    </file>
    <file name="footer.jsx" path="/home/vmuser/Desktop/website/artisanMarketPlace/src/components/footer.jsx">
      <metrics statements="1" coveredstatements="1" conditionals="0" coveredconditionals="0" methods="1" coveredmethods="1"/>
      <line num="3" count="2" type="stmt"/>
    </file>
    <file name="nav.jsx" path="/home/vmuser/Desktop/website/artisanMarketPlace/src/components/nav.jsx">
      <metrics statements="3" coveredstatements="3" conditionals="4" coveredconditionals="4" methods="2" coveredmethods="2"/>
      <line num="5" count="5" type="stmt"/>
      <line num="7" count="5" type="stmt"/>
      <line num="21" count="2" type="stmt"/>
    </file>
    <file name="seller_card.jsx" path="/home/vmuser/Desktop/website/artisanMarketPlace/src/components/seller_card.jsx">
      <metrics statements="16" coveredstatements="14" conditionals="15" coveredconditionals="13" methods="4" coveredmethods="4"/>
      <line num="6" count="7" type="cond" truecount="2" falsecount="0"/>
      <line num="7" count="7" type="stmt"/>
      <line num="10" count="7" type="stmt"/>
      <line num="11" count="7" type="cond" truecount="3" falsecount="2"/>
      <line num="13" count="2" type="stmt"/>
      <line num="15" count="0" type="stmt"/>
      <line num="17" count="4" type="stmt"/>
      <line num="19" count="0" type="stmt"/>
      <line num="21" count="1" type="stmt"/>
      <line num="25" count="7" type="stmt"/>
      <line num="26" count="1" type="stmt"/>
      <line num="29" count="7" type="stmt"/>
      <line num="30" count="2" type="stmt"/>
      <line num="32" count="2" type="cond" truecount="2" falsecount="0"/>
      <line num="33" count="1" type="stmt"/>
      <line num="37" count="7" type="stmt"/>
    </file>
  </project>
</coverage>
