{"/home/vmuser/web/artisanMarketPlace/src/components/BuyerHomeButton.jsx": {"path":"/home/vmuser/web/artisanMarketPlace/src/components/BuyerHomeButton.jsx","statementMap":{"0":{"start":{"line":4,"column":15},"end":{"line":10,"column":3}},"1":{"start":{"line":5,"column":4},"end":{"line":9,"column":6}}},"fnMap":{"0":{"name":"(anonymous_0)","decl":{"start":{"line":4,"column":15},"end":{"line":4,"column":16}},"loc":{"start":{"line":4,"column":53},"end":{"line":10,"column":3}},"line":4}},"branchMap":{},"s":{"0":1,"1":3},"f":{"0":3},"b":{},"_coverageSchema":"1a1c01bbd47fc00a2c39e90264f33305004495a9","hash":"189138ddcb6e29d34eb51679bfe6c00dcf745dbc"}
,"/home/vmuser/web/artisanMarketPlace/src/components/BuyerHomeInput.jsx": {"path":"/home/vmuser/web/artisanMarketPlace/src/components/BuyerHomeInput.jsx","statementMap":{"0":{"start":{"line":3,"column":14},"end":{"line":21,"column":1}},"1":{"start":{"line":4,"column":2},"end":{"line":20,"column":4}}},"fnMap":{"0":{"name":"(anonymous_0)","decl":{"start":{"line":3,"column":14},"end":{"line":3,"column":15}},"loc":{"start":{"line":3,"column":72},"end":{"line":21,"column":1}},"line":3}},"branchMap":{"0":{"loc":{"start":{"line":15,"column":15},"end":{"line":15,"column":54}},"type":"cond-expr","locations":[{"start":{"line":15,"column":23},"end":{"line":15,"column":49}},{"start":{"line":15,"column":52},"end":{"line":15,"column":54}}],"line":15}},"s":{"0":1,"1":3},"f":{"0":3},"b":{"0":[3,0]},"_coverageSchema":"1a1c01bbd47fc00a2c39e90264f33305004495a9","hash":"4ffb8820d4fa39675f387fb549c32aaf5a408d72"}
,"/home/vmuser/web/artisanMarketPlace/src/components/LoadCredits.jsx": {"path":"/home/vmuser/web/artisanMarketPlace/src/components/LoadCredits.jsx","statementMap":{"0":{"start":{"line":9,"column":30},"end":{"line":9,"column":42}},"1":{"start":{"line":10,"column":32},"end":{"line":10,"column":47}},"2":{"start":{"line":11,"column":32},"end":{"line":11,"column":44}},"3":{"start":{"line":12,"column":15},"end":{"line":12,"column":24}},"4":{"start":{"line":14,"column":21},"end":{"line":40,"column":3}},"5":{"start":{"line":15,"column":18},"end":{"line":15,"column":36}},"6":{"start":{"line":16,"column":4},"end":{"line":19,"column":5}},"7":{"start":{"line":17,"column":6},"end":{"line":17,"column":41}},"8":{"start":{"line":18,"column":6},"end":{"line":18,"column":13}},"9":{"start":{"line":20,"column":17},"end":{"line":20,"column":33}},"10":{"start":{"line":21,"column":4},"end":{"line":24,"column":5}},"11":{"start":{"line":22,"column":6},"end":{"line":22,"column":39}},"12":{"start":{"line":23,"column":6},"end":{"line":23,"column":13}},"13":{"start":{"line":25,"column":4},"end":{"line":25,"column":21}},"14":{"start":{"line":26,"column":4},"end":{"line":39,"column":5}},"15":{"start":{"line":27,"column":22},"end":{"line":27,"column":48}},"16":{"start":{"line":28,"column":19},"end":{"line":28,"column":40}},"17":{"start":{"line":29,"column":22},"end":{"line":29,"column":84}},"18":{"start":{"line":30,"column":6},"end":{"line":30,"column":61}},"19":{"start":{"line":31,"column":6},"end":{"line":31,"column":61}},"20":{"start":{"line":32,"column":6},"end":{"line":32,"column":20}},"21":{"start":{"line":34,"column":6},"end":{"line":34,"column":51}},"22":{"start":{"line":35,"column":6},"end":{"line":35,"column":42}},"23":{"start":{"line":37,"column":6},"end":{"line":37,"column":24}},"24":{"start":{"line":38,"column":6},"end":{"line":38,"column":45}},"25":{"start":{"line":38,"column":23},"end":{"line":38,"column":37}},"26":{"start":{"line":42,"column":2},"end":{"line":59,"column":4}},"27":{"start":{"line":51,"column":23},"end":{"line":51,"column":48}}},"fnMap":{"0":{"name":"LoadCredits","decl":{"start":{"line":8,"column":24},"end":{"line":8,"column":35}},"loc":{"start":{"line":8,"column":38},"end":{"line":60,"column":1}},"line":8},"1":{"name":"(anonymous_1)","decl":{"start":{"line":14,"column":21},"end":{"line":14,"column":22}},"loc":{"start":{"line":14,"column":33},"end":{"line":40,"column":3}},"line":14},"2":{"name":"(anonymous_2)","decl":{"start":{"line":38,"column":17},"end":{"line":38,"column":18}},"loc":{"start":{"line":38,"column":23},"end":{"line":38,"column":37}},"line":38},"3":{"name":"(anonymous_3)","decl":{"start":{"line":51,"column":18},"end":{"line":51,"column":19}},"loc":{"start":{"line":51,"column":23},"end":{"line":51,"column":48}},"line":51}},"branchMap":{"0":{"loc":{"start":{"line":16,"column":4},"end":{"line":19,"column":5}},"type":"if","locations":[{"start":{"line":16,"column":4},"end":{"line":19,"column":5}},{"start":{},"end":{}}],"line":16},"1":{"loc":{"start":{"line":16,"column":8},"end":{"line":16,"column":34}},"type":"binary-expr","locations":[{"start":{"line":16,"column":8},"end":{"line":16,"column":20}},{"start":{"line":16,"column":24},"end":{"line":16,"column":34}}],"line":16},"2":{"loc":{"start":{"line":21,"column":4},"end":{"line":24,"column":5}},"type":"if","locations":[{"start":{"line":21,"column":4},"end":{"line":24,"column":5}},{"start":{},"end":{}}],"line":21},"3":{"loc":{"start":{"line":29,"column":22},"end":{"line":29,"column":84}},"type":"cond-expr","locations":[{"start":{"line":29,"column":61},"end":{"line":29,"column":80}},{"start":{"line":29,"column":83},"end":{"line":29,"column":84}}],"line":29},"4":{"loc":{"start":{"line":29,"column":22},"end":{"line":29,"column":58}},"type":"binary-expr","locations":[{"start":{"line":29,"column":22},"end":{"line":29,"column":35}},{"start":{"line":29,"column":39},"end":{"line":29,"column":58}}],"line":29},"5":{"loc":{"start":{"line":55,"column":9},"end":{"line":55,"column":40}},"type":"cond-expr","locations":[{"start":{"line":55,"column":19},"end":{"line":55,"column":31}},{"start":{"line":55,"column":34},"end":{"line":55,"column":40}}],"line":55},"6":{"loc":{"start":{"line":57,"column":7},"end":{"line":57,"column":54}},"type":"binary-expr","locations":[{"start":{"line":57,"column":7},"end":{"line":57,"column":14}},{"start":{"line":57,"column":18},"end":{"line":57,"column":54}}],"line":57}},"s":{"0":22,"1":22,"2":22,"3":22,"4":22,"5":6,"6":6,"7":2,"8":2,"9":4,"10":4,"11":0,"12":0,"13":4,"14":4,"15":4,"16":4,"17":3,"18":3,"19":3,"20":3,"21":1,"22":1,"23":4,"24":4,"25":0,"26":22,"27":6},"f":{"0":22,"1":6,"2":0,"3":6},"b":{"0":[2,4],"1":[6,5],"2":[0,4],"3":[1,2],"4":[3,2],"5":[4,18],"6":[22,7]},"_coverageSchema":"1a1c01bbd47fc00a2c39e90264f33305004495a9","hash":"3dd417582f48bf01d8ba86f589e32f3add255ae8"}
,"/home/vmuser/web/artisanMarketPlace/src/components/LoadingBar.jsx": {"path":"/home/vmuser/web/artisanMarketPlace/src/components/LoadingBar.jsx","statementMap":{"0":{"start":{"line":6,"column":32},"end":{"line":6,"column":43}},"1":{"start":{"line":8,"column":2},"end":{"line":21,"column":17}},"2":{"start":{"line":9,"column":16},"end":{"line":9,"column":20}},"3":{"start":{"line":10,"column":17},"end":{"line":18,"column":5}},"4":{"start":{"line":11,"column":6},"end":{"line":11,"column":36}},"5":{"start":{"line":11,"column":18},"end":{"line":11,"column":36}},"6":{"start":{"line":12,"column":22},"end":{"line":12,"column":39}},"7":{"start":{"line":13,"column":23},"end":{"line":13,"column":54}},"8":{"start":{"line":14,"column":6},"end":{"line":14,"column":45}},"9":{"start":{"line":15,"column":6},"end":{"line":17,"column":7}},"10":{"start":{"line":16,"column":8},"end":{"line":16,"column":36}},"11":{"start":{"line":19,"column":17},"end":{"line":19,"column":44}},"12":{"start":{"line":20,"column":4},"end":{"line":20,"column":44}},"13":{"start":{"line":20,"column":17},"end":{"line":20,"column":43}},"14":{"start":{"line":23,"column":2},"end":{"line":31,"column":4}}},"fnMap":{"0":{"name":"LoadingBar","decl":{"start":{"line":5,"column":24},"end":{"line":5,"column":34}},"loc":{"start":{"line":5,"column":56},"end":{"line":32,"column":1}},"line":5},"1":{"name":"(anonymous_1)","decl":{"start":{"line":8,"column":12},"end":{"line":8,"column":13}},"loc":{"start":{"line":8,"column":18},"end":{"line":21,"column":3}},"line":8},"2":{"name":"(anonymous_2)","decl":{"start":{"line":10,"column":17},"end":{"line":10,"column":18}},"loc":{"start":{"line":10,"column":30},"end":{"line":18,"column":5}},"line":10},"3":{"name":"(anonymous_3)","decl":{"start":{"line":20,"column":11},"end":{"line":20,"column":12}},"loc":{"start":{"line":20,"column":17},"end":{"line":20,"column":43}},"line":20}},"branchMap":{"0":{"loc":{"start":{"line":5,"column":37},"end":{"line":5,"column":52}},"type":"default-arg","locations":[{"start":{"line":5,"column":48},"end":{"line":5,"column":52}}],"line":5},"1":{"loc":{"start":{"line":11,"column":6},"end":{"line":11,"column":36}},"type":"if","locations":[{"start":{"line":11,"column":6},"end":{"line":11,"column":36}},{"start":{},"end":{}}],"line":11},"2":{"loc":{"start":{"line":15,"column":6},"end":{"line":17,"column":7}},"type":"if","locations":[{"start":{"line":15,"column":6},"end":{"line":17,"column":7}},{"start":{},"end":{}}],"line":15}},"s":{"0":6,"1":6,"2":3,"3":3,"4":251,"5":2,"6":251,"7":251,"8":251,"9":251,"10":250,"11":3,"12":3,"13":3,"14":6},"f":{"0":6,"1":3,"2":251,"3":3},"b":{"0":[1],"1":[2,249],"2":[250,1]},"_coverageSchema":"1a1c01bbd47fc00a2c39e90264f33305004495a9","hash":"5f06fc3f4324c11ee516404a580927bb7a06b6c2"}
,"/home/vmuser/web/artisanMarketPlace/src/components/ManageStore.jsx": {"path":"/home/vmuser/web/artisanMarketPlace/src/components/ManageStore.jsx","statementMap":{"0":{"start":{"line":11,"column":19},"end":{"line":11,"column":32}},"1":{"start":{"line":12,"column":32},"end":{"line":12,"column":46}},"2":{"start":{"line":13,"column":28},"end":{"line":13,"column":60}},"3":{"start":{"line":14,"column":34},"end":{"line":14,"column":46}},"4":{"start":{"line":15,"column":38},"end":{"line":15,"column":50}},"5":{"start":{"line":16,"column":36},"end":{"line":16,"column":51}},"6":{"start":{"line":17,"column":38},"end":{"line":17,"column":52}},"7":{"start":{"line":18,"column":28},"end":{"line":18,"column":40}},"8":{"start":{"line":19,"column":32},"end":{"line":19,"column":46}},"9":{"start":{"line":21,"column":2},"end":{"line":70,"column":9}},"10":{"start":{"line":22,"column":28},"end":{"line":68,"column":6}},"11":{"start":{"line":23,"column":6},"end":{"line":27,"column":7}},"12":{"start":{"line":24,"column":8},"end":{"line":24,"column":54}},"13":{"start":{"line":25,"column":8},"end":{"line":25,"column":26}},"14":{"start":{"line":26,"column":8},"end":{"line":26,"column":15}},"15":{"start":{"line":29,"column":18},"end":{"line":29,"column":26}},"16":{"start":{"line":30,"column":6},"end":{"line":30,"column":22}},"17":{"start":{"line":32,"column":6},"end":{"line":47,"column":7}},"18":{"start":{"line":33,"column":25},"end":{"line":33,"column":61}},"19":{"start":{"line":34,"column":8},"end":{"line":43,"column":9}},"20":{"start":{"line":35,"column":10},"end":{"line":35,"column":36}},"21":{"start":{"line":37,"column":26},"end":{"line":37,"column":61}},"22":{"start":{"line":38,"column":10},"end":{"line":42,"column":11}},"23":{"start":{"line":39,"column":12},"end":{"line":39,"column":62}},"24":{"start":{"line":41,"column":12},"end":{"line":41,"column":56}},"25":{"start":{"line":45,"column":8},"end":{"line":45,"column":52}},"26":{"start":{"line":46,"column":8},"end":{"line":46,"column":46}},"27":{"start":{"line":49,"column":6},"end":{"line":67,"column":7}},"28":{"start":{"line":50,"column":18},"end":{"line":50,"column":66}},"29":{"start":{"line":51,"column":28},"end":{"line":65,"column":9}},"30":{"start":{"line":53,"column":12},"end":{"line":57,"column":17}},"31":{"start":{"line":53,"column":53},"end":{"line":57,"column":13}},"32":{"start":{"line":58,"column":12},"end":{"line":58,"column":30}},"33":{"start":{"line":61,"column":12},"end":{"line":61,"column":58}},"34":{"start":{"line":62,"column":12},"end":{"line":62,"column":48}},"35":{"start":{"line":63,"column":12},"end":{"line":63,"column":30}},"36":{"start":{"line":66,"column":8},"end":{"line":66,"column":35}},"37":{"start":{"line":66,"column":21},"end":{"line":66,"column":34}},"38":{"start":{"line":69,"column":4},"end":{"line":69,"column":35}},"39":{"start":{"line":69,"column":17},"end":{"line":69,"column":34}},"40":{"start":{"line":72,"column":21},"end":{"line":72,"column":45}},"41":{"start":{"line":72,"column":27},"end":{"line":72,"column":45}},"42":{"start":{"line":73,"column":22},"end":{"line":73,"column":73}},"43":{"start":{"line":73,"column":30},"end":{"line":73,"column":50}},"44":{"start":{"line":73,"column":51},"end":{"line":73,"column":71}},"45":{"start":{"line":75,"column":24},"end":{"line":84,"column":3}},"46":{"start":{"line":76,"column":4},"end":{"line":76,"column":40}},"47":{"start":{"line":76,"column":33},"end":{"line":76,"column":40}},"48":{"start":{"line":77,"column":4},"end":{"line":83,"column":5}},"49":{"start":{"line":78,"column":6},"end":{"line":78,"column":74}},"50":{"start":{"line":79,"column":6},"end":{"line":79,"column":20}},"51":{"start":{"line":81,"column":6},"end":{"line":81,"column":52}},"52":{"start":{"line":82,"column":6},"end":{"line":82,"column":40}},"53":{"start":{"line":86,"column":22},"end":{"line":106,"column":3}},"54":{"start":{"line":87,"column":4},"end":{"line":91,"column":5}},"55":{"start":{"line":88,"column":6},"end":{"line":88,"column":57}},"56":{"start":{"line":89,"column":6},"end":{"line":89,"column":25}},"57":{"start":{"line":90,"column":6},"end":{"line":90,"column":13}},"58":{"start":{"line":93,"column":16},"end":{"line":93,"column":65}},"59":{"start":{"line":94,"column":4},"end":{"line":94,"column":27}},"60":{"start":{"line":94,"column":20},"end":{"line":94,"column":27}},"61":{"start":{"line":96,"column":4},"end":{"line":105,"column":5}},"62":{"start":{"line":97,"column":21},"end":{"line":97,"column":63}},"63":{"start":{"line":98,"column":6},"end":{"line":101,"column":9}},"64":{"start":{"line":103,"column":6},"end":{"line":103,"column":50}},"65":{"start":{"line":104,"column":6},"end":{"line":104,"column":38}},"66":{"start":{"line":108,"column":27},"end":{"line":111,"column":3}},"67":{"start":{"line":109,"column":4},"end":{"line":110,"column":63}},"68":{"start":{"line":113,"column":17},"end":{"line":263,"column":3}},"69":{"start":{"line":265,"column":2},"end":{"line":282,"column":3}},"70":{"start":{"line":266,"column":4},"end":{"line":281,"column":6}},"71":{"start":{"line":274,"column":29},"end":{"line":274,"column":47}},"72":{"start":{"line":284,"column":2},"end":{"line":293,"column":3}},"73":{"start":{"line":285,"column":4},"end":{"line":292,"column":6}},"74":{"start":{"line":295,"column":2},"end":{"line":430,"column":4}},"75":{"start":{"line":306,"column":29},"end":{"line":306,"column":58}},"76":{"start":{"line":311,"column":29},"end":{"line":311,"column":53}},"77":{"start":{"line":339,"column":14},"end":{"line":374,"column":19}},"78":{"start":{"line":346,"column":22},"end":{"line":346,"column":46}},"79":{"start":{"line":347,"column":22},"end":{"line":347,"column":62}},"80":{"start":{"line":368,"column":35},"end":{"line":368,"column":58}},"81":{"start":{"line":385,"column":18},"end":{"line":407,"column":23}},"82":{"start":{"line":388,"column":35},"end":{"line":388,"column":60}}},"fnMap":{"0":{"name":"ManageStore","decl":{"start":{"line":10,"column":24},"end":{"line":10,"column":35}},"loc":{"start":{"line":10,"column":38},"end":{"line":431,"column":1}},"line":10},"1":{"name":"(anonymous_1)","decl":{"start":{"line":21,"column":12},"end":{"line":21,"column":13}},"loc":{"start":{"line":21,"column":18},"end":{"line":70,"column":3}},"line":21},"2":{"name":"(anonymous_2)","decl":{"start":{"line":22,"column":52},"end":{"line":22,"column":53}},"loc":{"start":{"line":22,"column":68},"end":{"line":68,"column":5}},"line":22},"3":{"name":"(anonymous_3)","decl":{"start":{"line":52,"column":10},"end":{"line":52,"column":11}},"loc":{"start":{"line":52,"column":29},"end":{"line":59,"column":11}},"line":52},"4":{"name":"(anonymous_4)","decl":{"start":{"line":53,"column":47},"end":{"line":53,"column":48}},"loc":{"start":{"line":53,"column":53},"end":{"line":57,"column":13}},"line":53},"5":{"name":"(anonymous_5)","decl":{"start":{"line":60,"column":10},"end":{"line":60,"column":11}},"loc":{"start":{"line":60,"column":19},"end":{"line":64,"column":11}},"line":60},"6":{"name":"(anonymous_6)","decl":{"start":{"line":66,"column":15},"end":{"line":66,"column":16}},"loc":{"start":{"line":66,"column":21},"end":{"line":66,"column":34}},"line":66},"7":{"name":"(anonymous_7)","decl":{"start":{"line":69,"column":11},"end":{"line":69,"column":12}},"loc":{"start":{"line":69,"column":17},"end":{"line":69,"column":34}},"line":69},"8":{"name":"(anonymous_8)","decl":{"start":{"line":72,"column":21},"end":{"line":72,"column":22}},"loc":{"start":{"line":72,"column":27},"end":{"line":72,"column":45}},"line":72},"9":{"name":"(anonymous_9)","decl":{"start":{"line":73,"column":22},"end":{"line":73,"column":23}},"loc":{"start":{"line":73,"column":28},"end":{"line":73,"column":73}},"line":73},"10":{"name":"(anonymous_10)","decl":{"start":{"line":75,"column":24},"end":{"line":75,"column":25}},"loc":{"start":{"line":75,"column":36},"end":{"line":84,"column":3}},"line":75},"11":{"name":"(anonymous_11)","decl":{"start":{"line":86,"column":22},"end":{"line":86,"column":23}},"loc":{"start":{"line":86,"column":36},"end":{"line":106,"column":3}},"line":86},"12":{"name":"(anonymous_12)","decl":{"start":{"line":108,"column":43},"end":{"line":108,"column":44}},"loc":{"start":{"line":109,"column":4},"end":{"line":110,"column":63}},"line":109},"13":{"name":"(anonymous_13)","decl":{"start":{"line":274,"column":23},"end":{"line":274,"column":24}},"loc":{"start":{"line":274,"column":29},"end":{"line":274,"column":47}},"line":274},"14":{"name":"(anonymous_14)","decl":{"start":{"line":306,"column":24},"end":{"line":306,"column":25}},"loc":{"start":{"line":306,"column":29},"end":{"line":306,"column":58}},"line":306},"15":{"name":"(anonymous_15)","decl":{"start":{"line":311,"column":23},"end":{"line":311,"column":24}},"loc":{"start":{"line":311,"column":29},"end":{"line":311,"column":53}},"line":311},"16":{"name":"(anonymous_16)","decl":{"start":{"line":338,"column":34},"end":{"line":338,"column":35}},"loc":{"start":{"line":339,"column":14},"end":{"line":374,"column":19}},"line":339},"17":{"name":"(anonymous_17)","decl":{"start":{"line":345,"column":29},"end":{"line":345,"column":30}},"loc":{"start":{"line":345,"column":36},"end":{"line":348,"column":21}},"line":345},"18":{"name":"(anonymous_18)","decl":{"start":{"line":368,"column":29},"end":{"line":368,"column":30}},"loc":{"start":{"line":368,"column":35},"end":{"line":368,"column":58}},"line":368},"19":{"name":"(anonymous_19)","decl":{"start":{"line":384,"column":30},"end":{"line":384,"column":31}},"loc":{"start":{"line":385,"column":18},"end":{"line":407,"column":23}},"line":385},"20":{"name":"(anonymous_20)","decl":{"start":{"line":388,"column":29},"end":{"line":388,"column":30}},"loc":{"start":{"line":388,"column":35},"end":{"line":388,"column":60}},"line":388},"21":{"name":"(anonymous_21)","decl":{"start":{"line":394,"column":32},"end":{"line":394,"column":33}},"loc":{"start":{"line":394,"column":38},"end":{"line":394,"column":40}},"line":394}},"branchMap":{"0":{"loc":{"start":{"line":23,"column":6},"end":{"line":27,"column":7}},"type":"if","locations":[{"start":{"line":23,"column":6},"end":{"line":27,"column":7}},{"start":{},"end":{}}],"line":23},"1":{"loc":{"start":{"line":34,"column":8},"end":{"line":43,"column":9}},"type":"if","locations":[{"start":{"line":34,"column":8},"end":{"line":43,"column":9}},{"start":{"line":36,"column":15},"end":{"line":43,"column":9}}],"line":34},"2":{"loc":{"start":{"line":38,"column":10},"end":{"line":42,"column":11}},"type":"if","locations":[{"start":{"line":38,"column":10},"end":{"line":42,"column":11}},{"start":{"line":40,"column":17},"end":{"line":42,"column":11}}],"line":38},"3":{"loc":{"start":{"line":38,"column":14},"end":{"line":38,"column":55}},"type":"binary-expr","locations":[{"start":{"line":38,"column":14},"end":{"line":38,"column":30}},{"start":{"line":38,"column":34},"end":{"line":38,"column":55}}],"line":38},"4":{"loc":{"start":{"line":49,"column":6},"end":{"line":67,"column":7}},"type":"if","locations":[{"start":{"line":49,"column":6},"end":{"line":67,"column":7}},{"start":{},"end":{}}],"line":49},"5":{"loc":{"start":{"line":76,"column":4},"end":{"line":76,"column":40}},"type":"if","locations":[{"start":{"line":76,"column":4},"end":{"line":76,"column":40}},{"start":{},"end":{}}],"line":76},"6":{"loc":{"start":{"line":76,"column":8},"end":{"line":76,"column":31}},"type":"binary-expr","locations":[{"start":{"line":76,"column":8},"end":{"line":76,"column":19}},{"start":{"line":76,"column":23},"end":{"line":76,"column":31}}],"line":76},"7":{"loc":{"start":{"line":87,"column":4},"end":{"line":91,"column":5}},"type":"if","locations":[{"start":{"line":87,"column":4},"end":{"line":91,"column":5}},{"start":{},"end":{}}],"line":87},"8":{"loc":{"start":{"line":94,"column":4},"end":{"line":94,"column":27}},"type":"if","locations":[{"start":{"line":94,"column":4},"end":{"line":94,"column":27}},{"start":{},"end":{}}],"line":94},"9":{"loc":{"start":{"line":100,"column":16},"end":{"line":100,"column":51}},"type":"cond-expr","locations":[{"start":{"line":100,"column":26},"end":{"line":100,"column":34}},{"start":{"line":100,"column":37},"end":{"line":100,"column":51}}],"line":100},"10":{"loc":{"start":{"line":109,"column":4},"end":{"line":110,"column":63}},"type":"binary-expr","locations":[{"start":{"line":109,"column":4},"end":{"line":109,"column":59}},{"start":{"line":110,"column":4},"end":{"line":110,"column":63}}],"line":109},"11":{"loc":{"start":{"line":265,"column":2},"end":{"line":282,"column":3}},"type":"if","locations":[{"start":{"line":265,"column":2},"end":{"line":282,"column":3}},{"start":{},"end":{}}],"line":265},"12":{"loc":{"start":{"line":284,"column":2},"end":{"line":293,"column":3}},"type":"if","locations":[{"start":{"line":284,"column":2},"end":{"line":293,"column":3}},{"start":{},"end":{}}],"line":284},"13":{"loc":{"start":{"line":342,"column":25},"end":{"line":342,"column":69}},"type":"binary-expr","locations":[{"start":{"line":342,"column":25},"end":{"line":342,"column":41}},{"start":{"line":342,"column":45},"end":{"line":342,"column":69}}],"line":342},"14":{"loc":{"start":{"line":356,"column":19},"end":{"line":364,"column":19}},"type":"cond-expr","locations":[{"start":{"line":357,"column":20},"end":{"line":359,"column":29}},{"start":{"line":361,"column":20},"end":{"line":363,"column":29}}],"line":356},"15":{"loc":{"start":{"line":379,"column":9},"end":{"line":427,"column":9}},"type":"binary-expr","locations":[{"start":{"line":379,"column":9},"end":{"line":379,"column":18}},{"start":{"line":380,"column":10},"end":{"line":426,"column":18}}],"line":379}},"s":{"0":11,"1":11,"2":11,"3":11,"4":11,"5":11,"6":11,"7":11,"8":11,"9":11,"10":4,"11":4,"12":1,"13":1,"14":1,"15":3,"16":3,"17":3,"18":3,"19":2,"20":1,"21":0,"22":0,"23":0,"24":0,"25":2,"26":2,"27":3,"28":3,"29":3,"30":2,"31":2,"32":2,"33":0,"34":0,"35":0,"36":3,"37":0,"38":4,"39":4,"40":11,"41":0,"42":11,"43":0,"44":0,"45":11,"46":0,"47":0,"48":0,"49":0,"50":0,"51":0,"52":0,"53":11,"54":0,"55":0,"56":0,"57":0,"58":0,"59":0,"60":0,"61":0,"62":0,"63":0,"64":0,"65":0,"66":11,"67":2,"68":11,"69":11,"70":3,"71":0,"72":8,"73":7,"74":1,"75":0,"76":0,"77":1,"78":0,"79":0,"80":0,"81":0,"82":0},"f":{"0":11,"1":4,"2":4,"3":2,"4":2,"5":0,"6":0,"7":4,"8":0,"9":0,"10":0,"11":0,"12":2,"13":0,"14":0,"15":0,"16":1,"17":0,"18":0,"19":0,"20":0,"21":0},"b":{"0":[1,3],"1":[1,0],"2":[0,0],"3":[0,0],"4":[3,0],"5":[0,0],"6":[0,0],"7":[0,0],"8":[0,0],"9":[0,0],"10":[2,0],"11":[3,8],"12":[7,1],"13":[1,0],"14":[1,0],"15":[1,0]},"_coverageSchema":"1a1c01bbd47fc00a2c39e90264f33305004495a9","hash":"5daef70279d7269550a6e75413b2413c9793ab6b"}
,"/home/vmuser/web/artisanMarketPlace/src/components/card.jsx": {"path":"/home/vmuser/web/artisanMarketPlace/src/components/card.jsx","statementMap":{"0":{"start":{"line":5,"column":27},"end":{"line":18,"column":5}},"1":{"start":{"line":6,"column":6},"end":{"line":17,"column":7}},"2":{"start":{"line":8,"column":10},"end":{"line":8,"column":32}},"3":{"start":{"line":10,"column":10},"end":{"line":10,"column":31}},"4":{"start":{"line":12,"column":10},"end":{"line":12,"column":33}},"5":{"start":{"line":14,"column":10},"end":{"line":14,"column":30}},"6":{"start":{"line":16,"column":10},"end":{"line":16,"column":31}},"7":{"start":{"line":21,"column":24},"end":{"line":25,"column":5}},"8":{"start":{"line":23,"column":23},"end":{"line":23,"column":83}},"9":{"start":{"line":24,"column":6},"end":{"line":24,"column":39}},"10":{"start":{"line":28,"column":30},"end":{"line":31,"column":5}},"11":{"start":{"line":29,"column":6},"end":{"line":29,"column":42}},"12":{"start":{"line":29,"column":25},"end":{"line":29,"column":42}},"13":{"start":{"line":30,"column":6},"end":{"line":30,"column":50}},"14":{"start":{"line":33,"column":4},"end":{"line":69,"column":6}},"15":{"start":{"line":41,"column":14},"end":{"line":41,"column":38}},"16":{"start":{"line":42,"column":14},"end":{"line":42,"column":56}}},"fnMap":{"0":{"name":"Card","decl":{"start":{"line":3,"column":9},"end":{"line":3,"column":13}},"loc":{"start":{"line":3,"column":20},"end":{"line":70,"column":1}},"line":3},"1":{"name":"(anonymous_1)","decl":{"start":{"line":5,"column":27},"end":{"line":5,"column":28}},"loc":{"start":{"line":5,"column":33},"end":{"line":18,"column":5}},"line":5},"2":{"name":"(anonymous_2)","decl":{"start":{"line":21,"column":24},"end":{"line":21,"column":25}},"loc":{"start":{"line":21,"column":35},"end":{"line":25,"column":5}},"line":21},"3":{"name":"(anonymous_3)","decl":{"start":{"line":28,"column":30},"end":{"line":28,"column":31}},"loc":{"start":{"line":28,"column":36},"end":{"line":31,"column":5}},"line":28},"4":{"name":"(anonymous_4)","decl":{"start":{"line":40,"column":21},"end":{"line":40,"column":22}},"loc":{"start":{"line":40,"column":28},"end":{"line":43,"column":13}},"line":40}},"branchMap":{"0":{"loc":{"start":{"line":6,"column":6},"end":{"line":17,"column":7}},"type":"switch","locations":[{"start":{"line":7,"column":8},"end":{"line":8,"column":32}},{"start":{"line":9,"column":8},"end":{"line":10,"column":31}},{"start":{"line":11,"column":8},"end":{"line":12,"column":33}},{"start":{"line":13,"column":8},"end":{"line":14,"column":30}},{"start":{"line":15,"column":8},"end":{"line":16,"column":31}}],"line":6},"1":{"loc":{"start":{"line":23,"column":23},"end":{"line":23,"column":83}},"type":"cond-expr","locations":[{"start":{"line":23,"column":51},"end":{"line":23,"column":68}},{"start":{"line":23,"column":72},"end":{"line":23,"column":82}}],"line":23},"2":{"loc":{"start":{"line":23,"column":72},"end":{"line":23,"column":82}},"type":"binary-expr","locations":[{"start":{"line":23,"column":72},"end":{"line":23,"column":77}},{"start":{"line":23,"column":81},"end":{"line":23,"column":82}}],"line":23},"3":{"loc":{"start":{"line":29,"column":6},"end":{"line":29,"column":42}},"type":"if","locations":[{"start":{"line":29,"column":6},"end":{"line":29,"column":42}},{"start":{},"end":{}}],"line":29},"4":{"loc":{"start":{"line":50,"column":15},"end":{"line":50,"column":81}},"type":"binary-expr","locations":[{"start":{"line":50,"column":15},"end":{"line":50,"column":28}},{"start":{"line":50,"column":32},"end":{"line":50,"column":81}}],"line":50},"5":{"loc":{"start":{"line":53,"column":15},"end":{"line":53,"column":39}},"type":"binary-expr","locations":[{"start":{"line":53,"column":15},"end":{"line":53,"column":26}},{"start":{"line":53,"column":30},"end":{"line":53,"column":39}}],"line":53},"6":{"loc":{"start":{"line":58,"column":58},"end":{"line":58,"column":85}},"type":"binary-expr","locations":[{"start":{"line":58,"column":58},"end":{"line":58,"column":67}},{"start":{"line":58,"column":71},"end":{"line":58,"column":85}}],"line":58},"7":{"loc":{"start":{"line":61,"column":15},"end":{"line":61,"column":44}},"type":"binary-expr","locations":[{"start":{"line":61,"column":15},"end":{"line":61,"column":31}},{"start":{"line":61,"column":35},"end":{"line":61,"column":44}}],"line":61}},"s":{"0":5,"1":5,"2":0,"3":4,"4":0,"5":0,"6":1,"7":5,"8":5,"9":5,"10":5,"11":5,"12":1,"13":4,"14":5,"15":0,"16":0},"f":{"0":5,"1":5,"2":5,"3":5,"4":0},"b":{"0":[0,4,0,0,1],"1":[4,1],"2":[1,1],"3":[1,4],"4":[5,4],"5":[5,1],"6":[5,1],"7":[5,1]},"_coverageSchema":"1a1c01bbd47fc00a2c39e90264f33305004495a9","hash":"c76d8b8bd4ad0836472861a5d355731f26cefe70"}
,"/home/vmuser/web/artisanMarketPlace/src/components/footer.jsx": {"path":"/home/vmuser/web/artisanMarketPlace/src/components/footer.jsx","statementMap":{"0":{"start":{"line":3,"column":4},"end":{"line":9,"column":6}}},"fnMap":{"0":{"name":"Footer","decl":{"start":{"line":2,"column":9},"end":{"line":2,"column":15}},"loc":{"start":{"line":2,"column":17},"end":{"line":10,"column":1}},"line":2}},"branchMap":{},"s":{"0":2},"f":{"0":2},"b":{},"_coverageSchema":"1a1c01bbd47fc00a2c39e90264f33305004495a9","hash":"7a43020a91e4b9f91f8bd3c934b3053f1f22a59e"}
,"/home/vmuser/web/artisanMarketPlace/src/components/nav.jsx": {"path":"/home/vmuser/web/artisanMarketPlace/src/components/nav.jsx","statementMap":{"0":{"start":{"line":7,"column":38},"end":{"line":7,"column":53}},"1":{"start":{"line":10,"column":2},"end":{"line":40,"column":4}},"2":{"start":{"line":25,"column":23},"end":{"line":25,"column":49}}},"fnMap":{"0":{"name":"Navigation","decl":{"start":{"line":6,"column":9},"end":{"line":6,"column":19}},"loc":{"start":{"line":6,"column":22},"end":{"line":41,"column":1}},"line":6},"1":{"name":"(anonymous_1)","decl":{"start":{"line":25,"column":17},"end":{"line":25,"column":18}},"loc":{"start":{"line":25,"column":23},"end":{"line":25,"column":49}},"line":25}},"branchMap":{"0":{"loc":{"start":{"line":27,"column":9},"end":{"line":27,"column":31}},"type":"cond-expr","locations":[{"start":{"line":27,"column":22},"end":{"line":27,"column":25}},{"start":{"line":27,"column":28},"end":{"line":27,"column":31}}],"line":27},"1":{"loc":{"start":{"line":31,"column":7},"end":{"line":38,"column":7}},"type":"binary-expr","locations":[{"start":{"line":31,"column":7},"end":{"line":31,"column":17}},{"start":{"line":32,"column":8},"end":{"line":37,"column":13}}],"line":31}},"s":{"0":7,"1":7,"2":3},"f":{"0":7,"1":3},"b":{"0":[2,5],"1":[7,2]},"_coverageSchema":"1a1c01bbd47fc00a2c39e90264f33305004495a9","hash":"fcd40fc4bcd9aad9c970a177e8eff33f1c6080f7"}
,"/home/vmuser/web/artisanMarketPlace/src/components/sellerNav.jsx": {"path":"/home/vmuser/web/artisanMarketPlace/src/components/sellerNav.jsx","statementMap":{"0":{"start":{"line":8,"column":38},"end":{"line":8,"column":53}},"1":{"start":{"line":12,"column":2},"end":{"line":45,"column":4}},"2":{"start":{"line":28,"column":23},"end":{"line":28,"column":49}}},"fnMap":{"0":{"name":"Navi","decl":{"start":{"line":7,"column":9},"end":{"line":7,"column":13}},"loc":{"start":{"line":7,"column":16},"end":{"line":46,"column":1}},"line":7},"1":{"name":"(anonymous_1)","decl":{"start":{"line":28,"column":17},"end":{"line":28,"column":18}},"loc":{"start":{"line":28,"column":23},"end":{"line":28,"column":49}},"line":28}},"branchMap":{"0":{"loc":{"start":{"line":30,"column":9},"end":{"line":30,"column":31}},"type":"cond-expr","locations":[{"start":{"line":30,"column":22},"end":{"line":30,"column":25}},{"start":{"line":30,"column":28},"end":{"line":30,"column":31}}],"line":30},"1":{"loc":{"start":{"line":34,"column":7},"end":{"line":43,"column":7}},"type":"binary-expr","locations":[{"start":{"line":34,"column":7},"end":{"line":34,"column":17}},{"start":{"line":35,"column":8},"end":{"line":42,"column":13}}],"line":34}},"s":{"0":16,"1":16,"2":2},"f":{"0":16,"1":2},"b":{"0":[1,15],"1":[16,1]},"_coverageSchema":"1a1c01bbd47fc00a2c39e90264f33305004495a9","hash":"cdb06a7992906d7b81722fe3ab24b199e243daa9"}
}
