{"/home/vmuser/Desktop/website/artisanMarketPlace/src/components/BuyerHomeButton.jsx": {"path":"/home/vmuser/Desktop/website/artisanMarketPlace/src/components/BuyerHomeButton.jsx","statementMap":{"0":{"start":{"line":4,"column":15},"end":{"line":10,"column":3}},"1":{"start":{"line":5,"column":4},"end":{"line":9,"column":6}}},"fnMap":{"0":{"name":"(anonymous_0)","decl":{"start":{"line":4,"column":15},"end":{"line":4,"column":16}},"loc":{"start":{"line":4,"column":53},"end":{"line":10,"column":3}},"line":4}},"branchMap":{},"s":{"0":1,"1":3},"f":{"0":3},"b":{},"_coverageSchema":"1a1c01bbd47fc00a2c39e90264f33305004495a9","hash":"b171ed2096d5a1121284487c7b1765926d53dfdb"}
,"/home/vmuser/Desktop/website/artisanMarketPlace/src/components/BuyerHomeInput.jsx": {"path":"/home/vmuser/Desktop/website/artisanMarketPlace/src/components/BuyerHomeInput.jsx","statementMap":{"0":{"start":{"line":3,"column":14},"end":{"line":21,"column":1}},"1":{"start":{"line":4,"column":2},"end":{"line":20,"column":4}}},"fnMap":{"0":{"name":"(anonymous_0)","decl":{"start":{"line":3,"column":14},"end":{"line":3,"column":15}},"loc":{"start":{"line":3,"column":72},"end":{"line":21,"column":1}},"line":3}},"branchMap":{"0":{"loc":{"start":{"line":15,"column":15},"end":{"line":15,"column":54}},"type":"cond-expr","locations":[{"start":{"line":15,"column":23},"end":{"line":15,"column":49}},{"start":{"line":15,"column":52},"end":{"line":15,"column":54}}],"line":15}},"s":{"0":1,"1":3},"f":{"0":3},"b":{"0":[3,0]},"_coverageSchema":"1a1c01bbd47fc00a2c39e90264f33305004495a9","hash":"7e4c1dc2e13fda84e32cd778667a5700e677a054"}
,"/home/vmuser/Desktop/website/artisanMarketPlace/src/components/LoadingBar.jsx": {"path":"/home/vmuser/Desktop/website/artisanMarketPlace/src/components/LoadingBar.jsx","statementMap":{"0":{"start":{"line":6,"column":32},"end":{"line":6,"column":43}},"1":{"start":{"line":8,"column":2},"end":{"line":21,"column":17}},"2":{"start":{"line":9,"column":16},"end":{"line":9,"column":20}},"3":{"start":{"line":10,"column":17},"end":{"line":18,"column":5}},"4":{"start":{"line":11,"column":6},"end":{"line":11,"column":36}},"5":{"start":{"line":11,"column":18},"end":{"line":11,"column":36}},"6":{"start":{"line":12,"column":22},"end":{"line":12,"column":39}},"7":{"start":{"line":13,"column":23},"end":{"line":13,"column":54}},"8":{"start":{"line":14,"column":6},"end":{"line":14,"column":45}},"9":{"start":{"line":15,"column":6},"end":{"line":17,"column":7}},"10":{"start":{"line":16,"column":8},"end":{"line":16,"column":36}},"11":{"start":{"line":19,"column":17},"end":{"line":19,"column":44}},"12":{"start":{"line":20,"column":4},"end":{"line":20,"column":44}},"13":{"start":{"line":20,"column":17},"end":{"line":20,"column":43}},"14":{"start":{"line":23,"column":2},"end":{"line":31,"column":4}}},"fnMap":{"0":{"name":"LoadingBar","decl":{"start":{"line":5,"column":24},"end":{"line":5,"column":34}},"loc":{"start":{"line":5,"column":56},"end":{"line":32,"column":1}},"line":5},"1":{"name":"(anonymous_1)","decl":{"start":{"line":8,"column":12},"end":{"line":8,"column":13}},"loc":{"start":{"line":8,"column":18},"end":{"line":21,"column":3}},"line":8},"2":{"name":"(anonymous_2)","decl":{"start":{"line":10,"column":17},"end":{"line":10,"column":18}},"loc":{"start":{"line":10,"column":30},"end":{"line":18,"column":5}},"line":10},"3":{"name":"(anonymous_3)","decl":{"start":{"line":20,"column":11},"end":{"line":20,"column":12}},"loc":{"start":{"line":20,"column":17},"end":{"line":20,"column":43}},"line":20}},"branchMap":{"0":{"loc":{"start":{"line":5,"column":37},"end":{"line":5,"column":52}},"type":"default-arg","locations":[{"start":{"line":5,"column":48},"end":{"line":5,"column":52}}],"line":5},"1":{"loc":{"start":{"line":11,"column":6},"end":{"line":11,"column":36}},"type":"if","locations":[{"start":{"line":11,"column":6},"end":{"line":11,"column":36}},{"start":{},"end":{}}],"line":11},"2":{"loc":{"start":{"line":15,"column":6},"end":{"line":17,"column":7}},"type":"if","locations":[{"start":{"line":15,"column":6},"end":{"line":17,"column":7}},{"start":{},"end":{}}],"line":15}},"s":{"0":6,"1":6,"2":3,"3":3,"4":251,"5":2,"6":251,"7":251,"8":251,"9":251,"10":250,"11":3,"12":3,"13":3,"14":6},"f":{"0":6,"1":3,"2":251,"3":3},"b":{"0":[1],"1":[2,249],"2":[250,1]},"_coverageSchema":"1a1c01bbd47fc00a2c39e90264f33305004495a9","hash":"7171c85e3bd8b20b808046e0890b06efe86e84d5"}
,"/home/vmuser/Desktop/website/artisanMarketPlace/src/components/footer.jsx": {"path":"/home/vmuser/Desktop/website/artisanMarketPlace/src/components/footer.jsx","statementMap":{"0":{"start":{"line":3,"column":4},"end":{"line":9,"column":6}}},"fnMap":{"0":{"name":"Footer","decl":{"start":{"line":2,"column":9},"end":{"line":2,"column":15}},"loc":{"start":{"line":2,"column":17},"end":{"line":10,"column":1}},"line":2}},"branchMap":{},"s":{"0":2},"f":{"0":2},"b":{},"_coverageSchema":"1a1c01bbd47fc00a2c39e90264f33305004495a9","hash":"2d30abc5f4b90d0585f349249c8d6c2dda48faef"}
,"/home/vmuser/Desktop/website/artisanMarketPlace/src/components/nav.jsx": {"path":"/home/vmuser/Desktop/website/artisanMarketPlace/src/components/nav.jsx","statementMap":{"0":{"start":{"line":5,"column":38},"end":{"line":5,"column":53}},"1":{"start":{"line":7,"column":2},"end":{"line":36,"column":4}},"2":{"start":{"line":21,"column":23},"end":{"line":21,"column":49}}},"fnMap":{"0":{"name":"Navigation","decl":{"start":{"line":4,"column":9},"end":{"line":4,"column":19}},"loc":{"start":{"line":4,"column":22},"end":{"line":37,"column":1}},"line":4},"1":{"name":"(anonymous_1)","decl":{"start":{"line":21,"column":17},"end":{"line":21,"column":18}},"loc":{"start":{"line":21,"column":23},"end":{"line":21,"column":49}},"line":21}},"branchMap":{"0":{"loc":{"start":{"line":23,"column":9},"end":{"line":23,"column":31}},"type":"cond-expr","locations":[{"start":{"line":23,"column":22},"end":{"line":23,"column":25}},{"start":{"line":23,"column":28},"end":{"line":23,"column":31}}],"line":23},"1":{"loc":{"start":{"line":27,"column":7},"end":{"line":34,"column":7}},"type":"binary-expr","locations":[{"start":{"line":27,"column":7},"end":{"line":27,"column":17}},{"start":{"line":28,"column":8},"end":{"line":33,"column":13}}],"line":27}},"s":{"0":5,"1":5,"2":2},"f":{"0":5,"1":2},"b":{"0":[1,4],"1":[5,1]},"_coverageSchema":"1a1c01bbd47fc00a2c39e90264f33305004495a9","hash":"44b15d2b1af663e37c03f8f5f0fcb5873b0121a0"}
,"/home/vmuser/Desktop/website/artisanMarketPlace/src/components/seller_card.jsx": {"path":"/home/vmuser/Desktop/website/artisanMarketPlace/src/components/seller_card.jsx","statementMap":{"0":{"start":{"line":6,"column":46},"end":{"line":6,"column":73}},"1":{"start":{"line":7,"column":36},"end":{"line":7,"column":51}},"2":{"start":{"line":10,"column":25},"end":{"line":23,"column":3}},"3":{"start":{"line":11,"column":4},"end":{"line":22,"column":5}},"4":{"start":{"line":13,"column":8},"end":{"line":13,"column":30}},"5":{"start":{"line":15,"column":8},"end":{"line":15,"column":29}},"6":{"start":{"line":17,"column":8},"end":{"line":17,"column":31}},"7":{"start":{"line":19,"column":8},"end":{"line":19,"column":28}},"8":{"start":{"line":21,"column":8},"end":{"line":21,"column":29}},"9":{"start":{"line":25,"column":23},"end":{"line":27,"column":3}},"10":{"start":{"line":26,"column":4},"end":{"line":26,"column":38}},"11":{"start":{"line":29,"column":21},"end":{"line":35,"column":3}},"12":{"start":{"line":30,"column":4},"end":{"line":30,"column":29}},"13":{"start":{"line":32,"column":4},"end":{"line":34,"column":5}},"14":{"start":{"line":33,"column":6},"end":{"line":33,"column":58}},"15":{"start":{"line":37,"column":2},"end":{"line":84,"column":4}}},"fnMap":{"0":{"name":"Card","decl":{"start":{"line":4,"column":9},"end":{"line":4,"column":13}},"loc":{"start":{"line":4,"column":20},"end":{"line":85,"column":1}},"line":4},"1":{"name":"(anonymous_1)","decl":{"start":{"line":10,"column":25},"end":{"line":10,"column":26}},"loc":{"start":{"line":10,"column":31},"end":{"line":23,"column":3}},"line":10},"2":{"name":"(anonymous_2)","decl":{"start":{"line":25,"column":23},"end":{"line":25,"column":24}},"loc":{"start":{"line":25,"column":30},"end":{"line":27,"column":3}},"line":25},"3":{"name":"(anonymous_3)","decl":{"start":{"line":29,"column":21},"end":{"line":29,"column":22}},"loc":{"start":{"line":29,"column":27},"end":{"line":35,"column":3}},"line":29}},"branchMap":{"0":{"loc":{"start":{"line":6,"column":55},"end":{"line":6,"column":72}},"type":"binary-expr","locations":[{"start":{"line":6,"column":55},"end":{"line":6,"column":66}},{"start":{"line":6,"column":70},"end":{"line":6,"column":72}}],"line":6},"1":{"loc":{"start":{"line":11,"column":4},"end":{"line":22,"column":5}},"type":"switch","locations":[{"start":{"line":12,"column":6},"end":{"line":13,"column":30}},{"start":{"line":14,"column":6},"end":{"line":15,"column":29}},{"start":{"line":16,"column":6},"end":{"line":17,"column":31}},{"start":{"line":18,"column":6},"end":{"line":19,"column":28}},{"start":{"line":20,"column":6},"end":{"line":21,"column":29}}],"line":11},"2":{"loc":{"start":{"line":32,"column":4},"end":{"line":34,"column":5}},"type":"if","locations":[{"start":{"line":32,"column":4},"end":{"line":34,"column":5}},{"start":{},"end":{}}],"line":32},"3":{"loc":{"start":{"line":46,"column":13},"end":{"line":62,"column":13}},"type":"cond-expr","locations":[{"start":{"line":47,"column":14},"end":{"line":57,"column":23}},{"start":{"line":59,"column":14},"end":{"line":61,"column":21}}],"line":46},"4":{"loc":{"start":{"line":60,"column":17},"end":{"line":60,"column":44}},"type":"binary-expr","locations":[{"start":{"line":60,"column":17},"end":{"line":60,"column":31}},{"start":{"line":60,"column":35},"end":{"line":60,"column":44}}],"line":60},"5":{"loc":{"start":{"line":67,"column":15},"end":{"line":67,"column":49}},"type":"cond-expr","locations":[{"start":{"line":67,"column":27},"end":{"line":67,"column":33}},{"start":{"line":67,"column":36},"end":{"line":67,"column":49}}],"line":67}},"s":{"0":7,"1":7,"2":7,"3":7,"4":2,"5":0,"6":4,"7":0,"8":1,"9":7,"10":1,"11":7,"12":2,"13":2,"14":1,"15":7},"f":{"0":7,"1":7,"2":1,"3":2},"b":{"0":[7,1],"1":[2,0,4,0,1],"2":[1,1],"3":[2,5],"4":[5,1],"5":[2,5]},"_coverageSchema":"1a1c01bbd47fc00a2c39e90264f33305004495a9","hash":"1297586059b737e80d8ad6efb988e07d78b1b193"}
}
