TN:
SF:src/About.jsx
FN:12,AboutUs
FN:91,(anonymous_1)
FNF:2
FNH:2
FNDA:4,AboutUs
FNDA:20,(anonymous_1)
DA:4,1
DA:13,4
DA:92,20
LF:3
LH:3
BRF:0
BRH:0
end_of_record
TN:
SF:src/AdminDashboard.jsx
FN:34,AdminDashboard
FN:46,(anonymous_1)
FN:49,(anonymous_2)
FN:100,(anonymous_3)
FN:105,(anonymous_4)
FN:110,(anonymous_5)
FN:124,(anonymous_6)
FN:145,(anonymous_7)
FN:163,(anonymous_8)
FN:168,(anonymous_9)
FN:180,(anonymous_10)
FN:184,(anonymous_11)
FN:191,(anonymous_12)
FN:198,(anonymous_13)
FN:215,(anonymous_14)
FN:232,(anonymous_15)
FN:243,(anonymous_16)
FN:253,(anonymous_17)
FN:262,(anonymous_18)
FN:286,(anonymous_19)
FN:303,(anonymous_20)
FN:309,(anonymous_21)
FN:317,(anonymous_22)
FN:334,(anonymous_23)
FN:340,(anonymous_24)
FN:419,(anonymous_25)
FN:442,(anonymous_26)
FN:452,(anonymous_27)
FN:477,(anonymous_28)
FN:491,(anonymous_29)
FNF:30
FNH:12
FNDA:7,AdminDashboard
FNDA:4,(anonymous_1)
FNDA:4,(anonymous_2)
FNDA:4,(anonymous_3)
FNDA:2,(anonymous_4)
FNDA:1,(anonymous_5)
FNDA:2,(anonymous_6)
FNDA:1,(anonymous_7)
FNDA:0,(anonymous_8)
FNDA:1,(anonymous_9)
FNDA:0,(anonymous_10)
FNDA:0,(anonymous_11)
FNDA:0,(anonymous_12)
FNDA:0,(anonymous_13)
FNDA:0,(anonymous_14)
FNDA:0,(anonymous_15)
FNDA:0,(anonymous_16)
FNDA:0,(anonymous_17)
FNDA:0,(anonymous_18)
FNDA:0,(anonymous_19)
FNDA:0,(anonymous_20)
FNDA:0,(anonymous_21)
FNDA:0,(anonymous_22)
FNDA:1,(anonymous_23)
FNDA:1,(anonymous_24)
FNDA:1,(anonymous_25)
FNDA:0,(anonymous_26)
FNDA:0,(anonymous_27)
FNDA:0,(anonymous_28)
FNDA:0,(anonymous_29)
DA:35,7
DA:36,7
DA:37,7
DA:38,7
DA:39,7
DA:40,7
DA:41,7
DA:42,7
DA:43,7
DA:44,7
DA:46,7
DA:47,4
DA:49,4
DA:50,4
DA:51,4
DA:52,4
DA:53,4
DA:54,1
DA:55,1
DA:56,1
DA:58,1
DA:61,3
DA:62,3
DA:64,2
DA:65,0
DA:66,0
DA:67,0
DA:68,0
DA:69,0
DA:70,0
DA:72,0
DA:76,2
DA:78,2
DA:79,2
DA:82,0
DA:83,0
DA:84,0
DA:86,0
DA:87,0
DA:88,0
DA:89,0
DA:90,0
DA:98,4
DA:100,4
DA:101,4
DA:105,7
DA:106,2
DA:107,2
DA:108,2
DA:110,2
DA:111,1
DA:117,2
DA:119,0
DA:120,0
DA:124,7
DA:125,2
DA:126,2
DA:127,2
DA:129,2
DA:130,1
DA:131,1
DA:133,1
DA:134,1
DA:136,1
DA:137,1
DA:138,1
DA:139,1
DA:140,1
DA:141,1
DA:145,1
DA:146,1
DA:156,1
DA:158,1
DA:159,1
DA:163,7
DA:164,0
DA:165,0
DA:168,7
DA:169,1
DA:170,1
DA:171,1
DA:172,1
DA:173,1
DA:175,0
DA:176,0
DA:180,7
DA:181,0
DA:184,7
DA:185,0
DA:186,0
DA:187,0
DA:188,0
DA:191,7
DA:192,0
DA:193,0
DA:194,0
DA:195,0
DA:198,7
DA:200,0
DA:201,0
DA:202,0
DA:203,0
DA:204,0
DA:206,0
DA:207,0
DA:208,0
DA:212,0
DA:215,7
DA:216,0
DA:217,0
DA:218,0
DA:224,0
DA:225,0
DA:227,0
DA:228,0
DA:232,7
DA:233,0
DA:234,0
DA:237,0
DA:238,0
DA:239,0
DA:241,0
DA:242,0
DA:243,0
DA:244,0
DA:251,0
DA:252,0
DA:253,0
DA:254,0
DA:256,0
DA:260,0
DA:261,0
DA:262,0
DA:263,0
DA:265,0
DA:269,0
DA:270,0
DA:271,0
DA:274,0
DA:275,0
DA:278,0
DA:281,0
DA:282,0
DA:286,7
DA:287,0
DA:288,0
DA:291,0
DA:292,0
DA:293,0
DA:300,0
DA:301,0
DA:303,0
DA:304,0
DA:305,0
DA:306,0
DA:309,0
DA:311,0
DA:313,0
DA:314,0
DA:315,0
DA:317,0
DA:318,0
DA:319,0
DA:323,0
DA:324,0
DA:326,0
DA:329,0
DA:330,0
DA:334,7
DA:335,1
DA:340,7
DA:341,1
DA:347,7
DA:348,4
DA:356,3
DA:420,1
DA:442,0
DA:452,0
DA:478,0
DA:491,0
LF:180
LH:79
BRDA:53,0,0,1
BRDA:53,0,1,3
BRDA:54,1,0,1
BRDA:54,1,1,0
BRDA:64,2,0,0
BRDA:64,2,1,2
BRDA:64,3,0,2
BRDA:64,3,1,2
BRDA:68,4,0,0
BRDA:68,4,1,0
BRDA:78,5,0,2
BRDA:78,5,1,0
BRDA:83,6,0,0
BRDA:83,6,1,0
BRDA:86,7,0,0
BRDA:86,7,1,0
BRDA:136,8,0,1
BRDA:136,8,1,0
BRDA:137,9,0,1
BRDA:137,9,1,0
BRDA:140,10,0,1
BRDA:140,10,1,0
BRDA:141,11,0,1
BRDA:141,11,1,1
BRDA:141,11,2,1
BRDA:149,12,0,1
BRDA:149,12,1,0
BRDA:200,13,0,0
BRDA:200,13,1,0
BRDA:201,14,0,0
BRDA:201,14,1,0
BRDA:203,15,0,0
BRDA:203,15,1,0
BRDA:206,16,0,0
BRDA:206,16,1,0
BRDA:207,17,0,0
BRDA:207,17,1,0
BRDA:237,18,0,0
BRDA:237,18,1,0
BRDA:305,19,0,0
BRDA:305,19,1,0
BRDA:311,20,0,0
BRDA:311,20,1,0
BRDA:311,21,0,0
BRDA:311,21,1,0
BRDA:315,22,0,0
BRDA:315,22,1,0
BRDA:335,23,0,1
BRDA:335,23,1,0
BRDA:335,23,2,0
BRDA:341,24,0,1
BRDA:341,24,1,0
BRDA:341,24,2,0
BRDA:341,24,3,0
BRDA:347,25,0,4
BRDA:347,25,1,3
BRDA:383,26,0,3
BRDA:383,26,1,0
BRDA:406,27,0,3
BRDA:406,27,1,0
BRDA:418,28,0,1
BRDA:418,28,1,2
BRDA:422,29,0,1
BRDA:422,29,1,0
BRDA:422,29,2,0
BRDA:423,30,0,1
BRDA:423,30,1,0
BRDA:425,31,0,1
BRDA:425,31,1,1
BRDA:426,32,0,1
BRDA:426,32,1,1
BRDA:426,32,2,0
BRDA:427,33,0,1
BRDA:427,33,1,0
BRDA:428,34,0,1
BRDA:428,34,1,0
BRDA:428,34,2,0
BRDA:428,34,3,0
BRDA:429,35,0,1
BRDA:429,35,1,0
BRDA:430,36,0,1
BRDA:430,36,1,0
BRDA:430,36,2,0
BRDA:430,36,3,0
BRDA:433,37,0,0
BRDA:433,37,1,1
BRDA:434,38,0,0
BRDA:434,38,1,1
BRDA:446,39,0,0
BRDA:446,39,1,1
BRDA:476,40,0,0
BRDA:476,40,1,0
BRDA:480,41,0,0
BRDA:480,41,1,0
BRDA:481,42,0,0
BRDA:481,42,1,0
BRDA:483,43,0,0
BRDA:483,43,1,0
BRDA:484,44,0,0
BRDA:484,44,1,0
BRDA:484,44,2,0
BRDA:513,45,0,0
BRDA:513,45,1,3
BRDA:517,46,0,3
BRDA:517,46,1,0
BRDA:517,46,2,0
BRDA:518,47,0,0
BRDA:518,47,1,0
BRDA:518,47,2,0
BRDA:518,47,3,0
BRDA:520,48,0,3
BRDA:520,48,1,0
BRDA:520,48,2,0
BRDA:521,49,0,0
BRDA:521,49,1,0
BRDA:521,49,2,0
BRDA:521,49,3,0
BRDA:523,50,0,3
BRDA:523,50,1,0
BRDA:524,51,0,0
BRDA:524,51,1,0
BRF:121
BRH:39
end_of_record
TN:
SF:src/AdminLoginPage.jsx
FN:9,AdminLoginPage
FN:14,(anonymous_1)
FN:47,(anonymous_2)
FNF:3
FNH:3
FNDA:14,AdminLoginPage
FNDA:4,(anonymous_1)
FNDA:2,(anonymous_2)
DA:10,14
DA:11,14
DA:12,14
DA:14,14
DA:15,4
DA:16,4
DA:17,4
DA:18,4
DA:19,1
DA:21,1
DA:22,1
DA:25,1
DA:26,0
DA:27,0
DA:28,0
DA:29,0
DA:33,1
DA:34,1
DA:35,1
DA:39,2
DA:40,2
DA:43,3
DA:47,14
DA:48,2
DA:51,14
DA:52,4
DA:60,10
LF:27
LH:23
BRDA:25,0,0,0
BRDA:25,0,1,1
BRDA:25,1,0,1
BRDA:25,1,1,1
BRDA:51,2,0,4
BRDA:51,2,1,10
BRDA:72,3,0,10
BRDA:72,3,1,2
BRF:8
BRH:7
end_of_record
TN:
SF:src/AdminNavigation.jsx
FN:8,AdminNavigation
FN:14,(anonymous_1)
FN:15,(anonymous_2)
FN:19,(anonymous_3)
FN:22,(anonymous_4)
FN:33,(anonymous_5)
FN:76,(anonymous_6)
FN:84,(anonymous_7)
FNF:8
FNH:6
FNDA:14,AdminNavigation
FNDA:8,(anonymous_1)
FNDA:0,(anonymous_2)
FNDA:8,(anonymous_3)
FNDA:4,(anonymous_4)
FNDA:4,(anonymous_5)
FNDA:0,(anonymous_6)
FNDA:2,(anonymous_7)
DA:9,14
DA:10,14
DA:11,14
DA:14,14
DA:15,8
DA:16,0
DA:18,8
DA:19,8
DA:22,14
DA:23,4
DA:24,4
DA:25,2
DA:26,2
DA:27,2
DA:29,2
DA:33,14
DA:34,4
DA:37,14
DA:76,0
DA:85,2
DA:86,2
LF:21
LH:19
BRDA:47,0,0,10
BRDA:47,0,1,4
BRDA:70,1,0,14
BRDA:70,1,1,10
BRDA:70,1,2,3
BRF:5
BRH:5
end_of_record
TN:
SF:src/App.jsx
FN:22,App
FNF:1
FNH:0
FNDA:0,App
DA:23,0
LF:1
LH:0
BRF:0
BRH:0
end_of_record
TN:
SF:src/Buyer.jsx
FN:9,BuyerTrack
FN:17,(anonymous_1)
FN:29,(anonymous_2)
FN:40,(anonymous_3)
FN:53,(anonymous_4)
FN:66,(anonymous_5)
FN:67,(anonymous_6)
FN:166,(anonymous_7)
FN:210,(anonymous_8)
FN:221,(anonymous_9)
FNF:10
FNH:4
FNDA:13,BuyerTrack
FNDA:0,(anonymous_1)
FNDA:0,(anonymous_2)
FNDA:0,(anonymous_3)
FNDA:4,(anonymous_4)
FNDA:7,(anonymous_5)
FNDA:7,(anonymous_6)
FNDA:0,(anonymous_7)
FNDA:0,(anonymous_8)
FNDA:0,(anonymous_9)
DA:10,13
DA:11,13
DA:12,13
DA:13,13
DA:14,13
DA:17,13
DA:18,0
DA:19,0
DA:20,0
DA:26,0
DA:29,13
DA:30,0
DA:31,0
DA:32,0
DA:33,0
DA:35,0
DA:36,0
DA:40,13
DA:41,0
DA:42,0
DA:43,0
DA:44,0
DA:45,0
DA:47,0
DA:48,0
DA:53,13
DA:54,4
DA:55,4
DA:56,3
DA:58,1
DA:59,1
DA:60,1
DA:61,1
DA:66,13
DA:67,7
DA:68,7
DA:70,3
DA:71,3
DA:72,3
DA:76,3
DA:78,2
DA:81,2
DA:82,0
DA:83,0
DA:86,0
DA:88,0
DA:90,0
DA:91,0
DA:93,0
DA:94,0
DA:95,0
DA:99,0
DA:101,0
DA:102,0
DA:105,0
DA:109,0
DA:111,0
DA:116,0
DA:135,0
DA:136,0
DA:138,0
DA:139,0
DA:140,0
DA:141,0
DA:143,0
DA:147,0
DA:166,1
DA:167,0
DA:168,0
DA:169,0
DA:172,1
DA:174,2
DA:175,2
DA:177,3
DA:181,7
DA:184,13
DA:210,0
DA:222,0
LF:78
LH:32
BRDA:18,0,0,0
BRDA:18,0,1,0
BRDA:19,1,0,0
BRDA:19,1,1,0
BRDA:33,2,0,0
BRDA:33,2,1,0
BRDA:41,3,0,0
BRDA:41,3,1,0
BRDA:45,4,0,0
BRDA:45,4,1,0
BRDA:55,5,0,3
BRDA:55,5,1,1
BRDA:68,6,0,4
BRDA:68,6,1,3
BRDA:83,7,0,0
BRDA:83,7,1,0
BRDA:86,8,0,0
BRDA:86,8,1,0
BRDA:86,9,0,0
BRDA:86,9,1,0
BRDA:86,9,2,0
BRDA:93,10,0,0
BRDA:93,10,1,0
BRDA:93,11,0,0
BRDA:93,11,1,0
BRDA:101,12,0,0
BRDA:101,12,1,0
BRDA:121,13,0,0
BRDA:121,13,1,0
BRDA:121,13,2,0
BRDA:122,14,0,0
BRDA:122,14,1,0
BRDA:122,14,2,0
BRDA:123,15,0,0
BRDA:123,15,1,0
BRDA:124,16,0,0
BRDA:124,16,1,0
BRDA:124,16,2,0
BRDA:124,17,0,0
BRDA:124,17,1,0
BRDA:125,18,0,0
BRDA:125,18,1,0
BRDA:125,18,2,0
BRDA:128,19,0,0
BRDA:128,19,1,0
BRDA:128,19,2,0
BRDA:130,20,0,0
BRDA:130,20,1,0
BRDA:130,20,2,0
BRDA:138,21,0,0
BRDA:138,21,1,0
BRDA:138,22,0,0
BRDA:138,22,1,0
BRDA:151,23,0,0
BRDA:151,23,1,0
BRDA:151,23,2,0
BRDA:152,24,0,0
BRDA:152,24,1,0
BRDA:152,24,2,0
BRDA:153,25,0,0
BRDA:153,25,1,0
BRDA:154,26,0,0
BRDA:154,26,1,0
BRDA:155,27,0,0
BRDA:155,27,1,0
BRDA:155,27,2,0
BRDA:155,28,0,0
BRDA:155,28,1,0
BRDA:156,29,0,0
BRDA:156,29,1,0
BRDA:156,29,2,0
BRDA:158,30,0,0
BRDA:158,30,1,0
BRDA:160,31,0,0
BRDA:160,31,1,0
BRDA:160,31,2,0
BRDA:167,32,0,0
BRDA:167,32,1,0
BRDA:167,32,2,0
BRDA:168,33,0,0
BRDA:168,33,1,0
BRDA:168,33,2,0
BRDA:200,34,0,10
BRDA:200,34,1,3
BRDA:205,35,0,2
BRDA:205,35,1,1
BRDA:215,36,0,1
BRDA:215,36,1,0
BRDA:222,37,0,0
BRDA:222,37,1,0
BRF:90
BRH:9
end_of_record
TN:
SF:src/BuyerHome.jsx
FN:12,BuyerHome
FN:21,(anonymous_1)
FN:22,(anonymous_2)
FN:26,(anonymous_3)
FN:38,(anonymous_4)
FN:67,(anonymous_5)
FN:68,(anonymous_6)
FN:69,(anonymous_7)
FN:70,(anonymous_8)
FN:71,(anonymous_9)
FN:102,(anonymous_10)
FN:134,(anonymous_11)
FNF:12
FNH:10
FNDA:26,BuyerHome
FNDA:9,(anonymous_1)
FNDA:9,(anonymous_2)
FNDA:36,(anonymous_3)
FNDA:68,(anonymous_4)
FNDA:1,(anonymous_5)
FNDA:4,(anonymous_6)
FNDA:1,(anonymous_7)
FNDA:2,(anonymous_8)
FNDA:0,(anonymous_9)
FNDA:0,(anonymous_10)
FNDA:44,(anonymous_11)
DA:13,26
DA:14,26
DA:16,26
DA:17,26
DA:18,26
DA:19,26
DA:21,26
DA:22,9
DA:23,9
DA:24,9
DA:25,9
DA:26,36
DA:27,9
DA:29,0
DA:31,9
DA:34,9
DA:38,26
DA:39,68
DA:44,68
DA:48,68
DA:49,68
DA:50,16
DA:51,16
DA:52,16
DA:53,16
DA:54,16
DA:55,16
DA:56,16
DA:57,16
DA:60,68
DA:64,68
DA:67,26
DA:68,26
DA:69,26
DA:70,26
DA:71,26
DA:72,0
DA:73,0
DA:74,0
DA:75,0
DA:78,26
DA:102,0
DA:135,44
LF:43
LH:37
BRDA:39,0,0,8
BRDA:39,0,1,60
BRDA:40,1,0,8
BRDA:40,1,1,7
BRDA:44,2,0,4
BRDA:44,2,1,64
BRDA:49,3,0,16
BRDA:49,3,1,52
BRDA:50,4,0,16
BRDA:50,4,1,12
BRDA:51,5,0,4
BRDA:51,5,1,12
BRDA:52,6,0,4
BRDA:52,6,1,12
BRDA:52,7,0,4
BRDA:52,7,1,3
BRDA:53,8,0,0
BRDA:53,8,1,16
BRDA:53,9,0,0
BRDA:53,9,1,0
BRDA:54,10,0,4
BRDA:54,10,1,12
BRDA:54,11,0,4
BRDA:54,11,1,1
BRDA:55,12,0,0
BRDA:55,12,1,16
BRDA:55,13,0,0
BRDA:55,13,1,0
BRDA:56,14,0,0
BRDA:56,14,1,16
BRDA:56,15,0,0
BRDA:56,15,1,0
BRDA:57,16,0,4
BRDA:57,16,1,12
BRDA:57,17,0,4
BRDA:57,17,1,1
BRDA:60,18,0,4
BRDA:60,18,1,64
BRDA:64,19,0,68
BRDA:64,19,1,62
BRDA:64,19,2,60
BRDA:64,19,3,47
BRDA:127,20,0,9
BRDA:127,20,1,17
BRDA:129,21,0,1
BRDA:129,21,1,16
BRDA:137,22,0,44
BRDA:137,22,1,0
BRDA:138,23,0,44
BRDA:138,23,1,0
BRDA:139,24,0,44
BRDA:139,24,1,44
BRDA:140,25,0,44
BRDA:140,25,1,44
BRDA:141,26,0,44
BRDA:141,26,1,44
BRDA:142,27,0,44
BRDA:142,27,1,34
BRF:58
BRH:47
end_of_record
TN:
SF:src/LoginPage.jsx
FN:11,LoginPage
FN:15,(anonymous_1)
FN:86,(anonymous_2)
FN:98,(anonymous_3)
FN:109,(anonymous_4)
FNF:5
FNH:0
FNDA:0,LoginPage
FNDA:0,(anonymous_1)
FNDA:0,(anonymous_2)
FNDA:0,(anonymous_3)
FNDA:0,(anonymous_4)
DA:12,0
DA:13,0
DA:15,0
DA:17,0
DA:18,0
DA:19,0
DA:22,0
DA:23,0
DA:24,0
DA:25,0
DA:27,0
DA:28,0
DA:30,0
DA:31,0
DA:32,0
DA:33,0
DA:34,0
DA:37,0
DA:40,0
DA:41,0
DA:42,0
DA:43,0
DA:44,0
DA:48,0
DA:49,0
DA:51,0
DA:55,0
DA:56,0
DA:58,0
DA:59,0
DA:60,0
DA:64,0
DA:65,0
DA:73,0
DA:86,0
DA:98,0
DA:109,0
LF:37
LH:0
BRDA:17,0,0,0
BRDA:17,0,1,0
BRDA:30,1,0,0
BRDA:30,1,1,0
BRDA:40,2,0,0
BRDA:40,2,1,0
BRDA:48,3,0,0
BRDA:48,3,1,0
BRDA:56,4,0,0
BRDA:56,4,1,0
BRDA:64,5,0,0
BRDA:64,5,1,0
BRF:12
BRH:0
end_of_record
TN:
SF:src/SignupPage.jsx
FN:11,SignupPage
FN:16,(anonymous_1)
FN:80,(anonymous_2)
FN:90,(anonymous_3)
FNF:4
FNH:4
FNDA:19,SignupPage
FNDA:6,(anonymous_1)
FNDA:4,(anonymous_2)
FNDA:2,(anonymous_3)
DA:12,19
DA:13,19
DA:14,19
DA:16,19
DA:17,6
DA:18,6
DA:19,6
DA:21,6
DA:22,4
DA:23,4
DA:24,4
DA:26,4
DA:27,2
DA:31,2
DA:43,4
DA:44,2
DA:46,2
DA:49,4
DA:51,2
DA:52,2
DA:54,6
DA:58,19
DA:80,4
DA:90,2
LF:24
LH:24
BRDA:26,0,0,2
BRDA:26,0,1,2
BRDA:43,1,0,2
BRDA:43,1,1,2
BRDA:49,2,0,2
BRDA:49,2,1,2
BRDA:52,3,0,2
BRDA:52,3,1,1
BRDA:71,4,0,6
BRDA:71,4,1,13
BRDA:100,5,0,13
BRDA:100,5,1,2
BRF:12
BRH:12
end_of_record
TN:
SF:src/firebase.js
FNF:0
FNH:0
DA:6,2
DA:15,2
DA:16,2
DA:17,2
DA:18,2
DA:19,2
LF:6
LH:6
BRF:0
BRH:0
end_of_record
TN:
SF:src/landingPage.jsx
FN:5,LandingPage
FN:6,(anonymous_1)
FN:8,(anonymous_2)
FN:9,(anonymous_3)
FN:20,(anonymous_4)
FN:23,(anonymous_5)
FNF:6
FNH:0
FNDA:0,LandingPage
FNDA:0,(anonymous_1)
FNDA:0,(anonymous_2)
FNDA:0,(anonymous_3)
FNDA:0,(anonymous_4)
FNDA:0,(anonymous_5)
DA:6,0
DA:8,0
DA:9,0
DA:10,0
DA:12,0
DA:20,0
DA:23,0
DA:26,0
LF:8
LH:0
BRDA:10,0,0,0
BRDA:10,0,1,0
BRF:2
BRH:0
end_of_record
TN:
SF:src/main.jsx
FNF:0
FNH:0
DA:6,0
LF:1
LH:0
BRF:0
BRH:0
end_of_record
TN:
SF:src/sellerDashboard.jsx
FN:17,SellerDashboard
FN:35,(anonymous_1)
FN:43,(anonymous_2)
FN:50,(anonymous_3)
FN:52,(anonymous_4)
FN:59,(anonymous_5)
FN:61,(anonymous_6)
FN:69,(anonymous_7)
FN:86,(anonymous_8)
FN:90,(anonymous_9)
FN:100,(anonymous_10)
FN:105,(anonymous_11)
FN:107,(anonymous_12)
FN:108,(anonymous_13)
FN:112,(anonymous_14)
FN:130,(anonymous_15)
FN:134,(anonymous_16)
FN:149,(anonymous_17)
FN:169,(anonymous_18)
FN:170,(anonymous_19)
FN:189,(anonymous_20)
FN:192,(anonymous_21)
FN:193,(anonymous_22)
FN:195,(anonymous_23)
FN:199,(anonymous_24)
FN:200,(anonymous_25)
FN:203,(anonymous_26)
FN:209,(anonymous_27)
FN:210,(anonymous_28)
FN:213,(anonymous_29)
FN:233,(anonymous_30)
FN:248,(anonymous_31)
FN:249,(anonymous_32)
FN:272,(anonymous_33)
FN:330,(anonymous_34)
FN:353,(anonymous_35)
FN:354,(anonymous_36)
FN:365,(anonymous_37)
FN:375,(anonymous_38)
FN:395,(anonymous_39)
FNF:40
FNH:7
FNDA:4,SellerDashboard
FNDA:0,(anonymous_1)
FNDA:0,(anonymous_2)
FNDA:0,(anonymous_3)
FNDA:0,(anonymous_4)
FNDA:0,(anonymous_5)
FNDA:0,(anonymous_6)
FNDA:1,(anonymous_7)
FNDA:0,(anonymous_8)
FNDA:0,(anonymous_9)
FNDA:1,(anonymous_10)
FNDA:0,(anonymous_11)
FNDA:0,(anonymous_12)
FNDA:0,(anonymous_13)
FNDA:0,(anonymous_14)
FNDA:0,(anonymous_15)
FNDA:0,(anonymous_16)
FNDA:1,(anonymous_17)
FNDA:2,(anonymous_18)
FNDA:2,(anonymous_19)
FNDA:2,(anonymous_20)
FNDA:0,(anonymous_21)
FNDA:0,(anonymous_22)
FNDA:0,(anonymous_23)
FNDA:0,(anonymous_24)
FNDA:0,(anonymous_25)
FNDA:0,(anonymous_26)
FNDA:0,(anonymous_27)
FNDA:0,(anonymous_28)
FNDA:0,(anonymous_29)
FNDA:0,(anonymous_30)
FNDA:0,(anonymous_31)
FNDA:0,(anonymous_32)
FNDA:0,(anonymous_33)
FNDA:0,(anonymous_34)
FNDA:0,(anonymous_35)
FNDA:0,(anonymous_36)
FNDA:0,(anonymous_37)
FNDA:0,(anonymous_38)
FNDA:0,(anonymous_39)
DA:14,1
DA:15,1
DA:18,4
DA:19,4
DA:20,4
DA:21,4
DA:22,4
DA:23,4
DA:24,4
DA:25,4
DA:26,4
DA:27,4
DA:28,4
DA:29,4
DA:30,4
DA:31,4
DA:33,4
DA:35,4
DA:36,0
DA:37,0
DA:38,0
DA:40,0
DA:43,4
DA:44,0
DA:45,0
DA:46,0
DA:47,0
DA:50,0
DA:51,0
DA:52,0
DA:53,0
DA:55,0
DA:57,0
DA:59,0
DA:60,0
DA:61,0
DA:62,0
DA:64,0
DA:66,0
DA:69,4
DA:70,1
DA:71,1
DA:72,1
DA:73,1
DA:74,0
DA:76,1
DA:77,1
DA:78,1
DA:80,0
DA:81,0
DA:82,0
DA:86,4
DA:87,0
DA:88,0
DA:89,0
DA:90,0
DA:91,0
DA:92,0
DA:94,0
DA:95,0
DA:96,0
DA:100,4
DA:101,1
DA:102,1
DA:103,1
DA:105,0
DA:107,0
DA:108,0
DA:111,0
DA:112,0
DA:113,0
DA:114,0
DA:115,0
DA:116,0
DA:117,0
DA:118,0
DA:119,0
DA:120,0
DA:121,0
DA:122,0
DA:123,0
DA:124,0
DA:126,0
DA:130,0
DA:131,0
DA:132,0
DA:133,0
DA:134,0
DA:137,0
DA:140,0
DA:141,0
DA:143,1
DA:144,1
DA:145,1
DA:149,4
DA:150,1
DA:151,0
DA:152,0
DA:153,0
DA:155,1
DA:156,1
DA:157,1
DA:158,1
DA:159,0
DA:160,0
DA:162,1
DA:165,1
DA:169,4
DA:170,2
DA:171,2
DA:172,0
DA:173,0
DA:174,0
DA:176,2
DA:177,2
DA:178,1
DA:179,1
DA:180,1
DA:182,1
DA:183,1
DA:184,1
DA:187,2
DA:189,2
DA:192,4
DA:193,4
DA:195,4
DA:196,0
DA:197,0
DA:199,0
DA:200,0
DA:203,4
DA:204,0
DA:205,0
DA:206,0
DA:207,0
DA:209,0
DA:210,0
DA:213,4
DA:214,0
DA:215,0
DA:216,0
DA:217,0
DA:218,0
DA:220,0
DA:221,0
DA:222,0
DA:223,0
DA:225,0
DA:226,0
DA:227,0
DA:228,0
DA:229,0
DA:231,0
DA:232,0
DA:233,0
DA:234,0
DA:235,0
DA:237,0
DA:239,0
DA:240,0
DA:241,0
DA:242,0
DA:243,0
DA:244,0
DA:245,0
DA:247,0
DA:248,0
DA:249,0
DA:250,0
DA:251,0
DA:252,0
DA:253,0
DA:257,0
DA:258,0
DA:259,0
DA:260,0
DA:261,0
DA:262,0
DA:263,0
DA:265,0
DA:266,0
DA:268,0
DA:272,4
DA:273,0
DA:274,0
DA:275,0
DA:276,0
DA:277,0
DA:278,0
DA:280,0
DA:281,0
DA:282,0
DA:283,0
DA:285,0
DA:286,0
DA:287,0
DA:288,0
DA:289,0
DA:290,0
DA:291,0
DA:292,0
DA:293,0
DA:295,0
DA:296,0
DA:298,0
DA:302,0
DA:303,0
DA:304,0
DA:305,0
DA:307,0
DA:308,0
DA:309,0
DA:311,0
DA:312,0
DA:313,0
DA:314,0
DA:315,0
DA:316,0
DA:317,0
DA:318,0
DA:319,0
DA:321,0
DA:323,0
DA:324,0
DA:326,0
DA:330,4
DA:331,0
DA:332,0
DA:334,0
DA:338,4
DA:339,2
DA:347,2
DA:348,1
DA:353,0
DA:354,0
DA:360,1
DA:361,1
DA:365,0
DA:370,0
DA:371,0
DA:375,0
DA:380,0
DA:395,0
LF:243
LH:69
BRDA:36,0,0,0
BRDA:36,0,1,0
BRDA:37,1,0,0
BRDA:37,1,1,0
BRDA:44,2,0,0
BRDA:44,2,1,0
BRDA:44,3,0,0
BRDA:44,3,1,0
BRDA:51,4,0,0
BRDA:51,4,1,0
BRDA:53,5,0,0
BRDA:53,5,1,0
BRDA:53,5,2,0
BRDA:60,6,0,0
BRDA:60,6,1,0
BRDA:62,7,0,0
BRDA:62,7,1,0
BRDA:73,8,0,0
BRDA:73,8,1,1
BRDA:100,9,0,0
BRDA:108,10,0,0
BRDA:108,10,1,0
BRDA:111,11,0,0
BRDA:111,11,1,0
BRDA:111,12,0,0
BRDA:111,12,1,0
BRDA:113,13,0,0
BRDA:113,13,1,0
BRDA:114,14,0,0
BRDA:114,14,1,0
BRDA:114,15,0,0
BRDA:114,15,1,0
BRDA:119,16,0,0
BRDA:119,16,1,0
BRDA:121,17,0,0
BRDA:121,17,1,0
BRDA:132,18,0,0
BRDA:132,18,1,0
BRDA:150,19,0,0
BRDA:150,19,1,1
BRDA:171,20,0,0
BRDA:171,20,1,2
BRDA:177,21,0,1
BRDA:177,21,1,1
BRDA:217,22,0,0
BRDA:217,22,1,0
BRDA:221,23,0,0
BRDA:221,23,1,0
BRDA:222,24,0,0
BRDA:222,24,1,0
BRDA:234,25,0,0
BRDA:234,25,1,0
BRDA:234,26,0,0
BRDA:234,26,1,0
BRDA:240,27,0,0
BRDA:240,27,1,0
BRDA:240,28,0,0
BRDA:240,28,1,0
BRDA:242,29,0,0
BRDA:242,29,1,0
BRDA:242,30,0,0
BRDA:242,30,1,0
BRDA:243,31,0,0
BRDA:243,31,1,0
BRDA:244,32,0,0
BRDA:244,32,1,0
BRDA:249,33,0,0
BRDA:249,33,1,0
BRDA:250,34,0,0
BRDA:250,34,1,0
BRDA:251,35,0,0
BRDA:251,35,1,0
BRDA:252,36,0,0
BRDA:252,36,1,0
BRDA:273,37,0,0
BRDA:273,37,1,0
BRDA:277,38,0,0
BRDA:277,38,1,0
BRDA:286,39,0,0
BRDA:286,39,1,0
BRDA:287,40,0,0
BRDA:287,40,1,0
BRDA:287,41,0,0
BRDA:287,41,1,0
BRDA:290,42,0,0
BRDA:290,42,1,0
BRDA:290,43,0,0
BRDA:290,43,1,0
BRDA:291,44,0,0
BRDA:291,44,1,0
BRDA:292,45,0,0
BRDA:292,45,1,0
BRDA:331,46,0,0
BRDA:331,46,1,0
BRDA:338,47,0,2
BRDA:338,47,1,2
BRDA:338,48,0,4
BRDA:338,48,1,2
BRDA:338,48,2,0
BRDA:338,48,3,0
BRDA:338,48,4,0
BRDA:347,49,0,1
BRDA:347,49,1,1
BRDA:360,50,0,1
BRDA:360,50,1,0
BRDA:370,51,0,0
BRDA:370,51,1,0
BRDA:406,52,0,0
BRDA:406,52,1,0
BRF:109
BRH:12
end_of_record
TN:
SF:src/sellerOrders.jsx
FN:9,SellerOrders
FN:16,(anonymous_1)
FN:26,(anonymous_2)
FN:27,(anonymous_3)
FN:37,(anonymous_4)
FN:70,(anonymous_5)
FN:72,(anonymous_6)
FN:94,(anonymous_7)
FN:96,(anonymous_8)
FN:121,(anonymous_9)
FN:130,(anonymous_10)
FN:150,(anonymous_11)
FN:151,(anonymous_12)
FN:160,(anonymous_13)
FN:160,(anonymous_14)
FN:162,(anonymous_15)
FN:168,(anonymous_16)
FN:179,(anonymous_17)
FN:181,(anonymous_18)
FN:182,(anonymous_19)
FN:192,(anonymous_20)
FN:216,(anonymous_21)
FNF:22
FNH:21
FNDA:24,SellerOrders
FNDA:6,(anonymous_1)
FNDA:11,(anonymous_2)
FNDA:11,(anonymous_3)
FNDA:2,(anonymous_4)
FNDA:3,(anonymous_5)
FNDA:3,(anonymous_6)
FNDA:3,(anonymous_7)
FNDA:3,(anonymous_8)
FNDA:3,(anonymous_9)
FNDA:2,(anonymous_10)
FNDA:1,(anonymous_11)
FNDA:1,(anonymous_12)
FNDA:2,(anonymous_13)
FNDA:2,(anonymous_14)
FNDA:2,(anonymous_15)
FNDA:2,(anonymous_16)
FNDA:6,(anonymous_17)
FNDA:5,(anonymous_18)
FNDA:5,(anonymous_19)
FNDA:3,(anonymous_20)
FNDA:0,(anonymous_21)
DA:10,24
DA:11,24
DA:12,24
DA:13,24
DA:14,24
DA:16,24
DA:17,6
DA:18,6
DA:19,5
DA:21,1
DA:22,1
DA:26,24
DA:27,11
DA:28,11
DA:29,5
DA:30,5
DA:31,5
DA:32,5
DA:34,4
DA:35,4
DA:36,3
DA:37,3
DA:38,3
DA:39,3
DA:40,2
DA:41,2
DA:42,2
DA:46,1
DA:57,3
DA:58,3
DA:69,4
DA:70,4
DA:71,3
DA:72,3
DA:73,3
DA:78,4
DA:79,4
DA:80,3
DA:81,3
DA:85,3
DA:86,3
DA:87,3
DA:90,0
DA:94,4
DA:95,3
DA:96,3
DA:97,3
DA:98,3
DA:105,3
DA:107,0
DA:110,4
DA:112,1
DA:114,5
DA:118,11
DA:121,24
DA:122,3
DA:123,3
DA:124,3
DA:126,3
DA:127,3
DA:129,3
DA:130,2
DA:131,2
DA:132,2
DA:134,0
DA:137,2
DA:139,1
DA:144,1
DA:145,1
DA:146,1
DA:147,1
DA:150,1
DA:151,1
DA:153,1
DA:154,1
DA:157,1
DA:160,2
DA:161,2
DA:162,2
DA:163,2
DA:164,2
DA:166,0
DA:168,2
DA:169,2
DA:171,0
DA:174,1
DA:175,1
DA:179,24
DA:180,6
DA:181,5
DA:182,5
DA:183,5
DA:192,3
DA:200,24
DA:216,0
LF:95
LH:89
BRDA:18,0,0,5
BRDA:18,0,1,1
BRDA:28,1,0,6
BRDA:28,1,1,5
BRDA:37,2,0,3
BRDA:37,2,1,0
BRDA:37,3,0,3
BRDA:37,3,1,2
BRDA:37,3,2,2
BRDA:39,4,0,2
BRDA:39,4,1,1
BRDA:41,5,0,2
BRDA:41,5,1,0
BRDA:42,6,0,2
BRDA:42,6,1,0
BRDA:42,6,2,0
BRDA:50,7,0,1
BRDA:50,7,1,0
BRDA:52,8,0,1
BRDA:52,8,1,1
BRDA:53,9,0,1
BRDA:53,9,1,0
BRDA:57,10,0,3
BRDA:57,10,1,0
BRDA:71,11,0,3
BRDA:71,11,1,0
BRDA:73,12,0,3
BRDA:73,12,1,0
BRDA:86,13,0,3
BRDA:86,13,1,0
BRDA:95,14,0,3
BRDA:95,14,1,0
BRDA:97,15,0,3
BRDA:97,15,1,0
BRDA:100,16,0,3
BRDA:100,16,1,3
BRDA:101,17,0,3
BRDA:101,17,1,3
BRDA:102,18,0,3
BRDA:102,18,1,3
BRDA:126,19,0,0
BRDA:126,19,1,3
BRDA:129,20,0,2
BRDA:129,20,1,1
BRDA:129,21,0,3
BRDA:129,21,1,2
BRDA:131,22,0,2
BRDA:131,22,1,0
BRDA:131,23,0,2
BRDA:131,23,1,2
BRDA:145,24,0,1
BRDA:145,24,1,0
BRDA:153,25,0,1
BRDA:153,25,1,0
BRDA:161,26,0,2
BRDA:161,26,1,0
BRDA:163,27,0,2
BRDA:163,27,1,0
BRDA:169,28,0,2
BRDA:169,28,1,2
BRDA:180,29,0,1
BRDA:180,29,1,5
BRDA:187,30,0,5
BRDA:187,30,1,3
BRDA:188,31,0,5
BRDA:188,31,1,5
BRDA:189,32,0,5
BRDA:189,32,1,0
BRDA:189,32,2,0
BRDA:190,33,0,5
BRDA:190,33,1,5
BRDA:191,34,0,5
BRDA:191,34,1,0
BRDA:193,35,0,5
BRDA:193,35,1,0
BRDA:208,36,0,16
BRDA:208,36,1,8
BRDA:213,37,0,2
BRDA:213,37,1,6
BRF:79
BRH:57
end_of_record
TN:
SF:src/Products/Products.jsx
FN:3,(anonymous_0)
FNF:1
FNH:1
FNDA:6,(anonymous_0)
DA:3,1
DA:4,6
LF:2
LH:2
BRF:0
BRH:0
end_of_record
TN:
SF:src/Sidebar/Sidebar.jsx
FN:6,(anonymous_0)
FNF:1
FNH:0
FNDA:0,(anonymous_0)
DA:6,0
DA:14,0
LF:2
LH:0
BRF:0
BRH:0
end_of_record
TN:
SF:src/Sidebar/Category/Category.jsx
FN:5,Category
FNF:1
FNH:1
FNDA:9,Category
DA:6,9
LF:1
LH:1
BRF:0
BRH:0
end_of_record
TN:
SF:src/Sidebar/Colors/Colors.jsx
FN:4,(anonymous_0)
FNF:1
FNH:0
FNDA:0,(anonymous_0)
DA:4,0
DA:5,0
LF:2
LH:0
BRF:0
BRH:0
end_of_record
TN:
SF:src/Sidebar/Price/Price.jsx
FN:4,(anonymous_0)
FNF:1
FNH:0
FNDA:0,(anonymous_0)
DA:4,0
DA:5,0
LF:2
LH:0
BRF:0
BRH:0
end_of_record
TN:
SF:src/components/AddProducts.jsx
FN:17,AddProduct
FN:26,(anonymous_1)
FN:38,(anonymous_2)
FN:41,(anonymous_3)
FN:49,(anonymous_4)
FN:90,(anonymous_5)
FN:129,(anonymous_6)
FN:144,(anonymous_7)
FN:150,(anonymous_8)
FN:169,(anonymous_9)
FN:187,(anonymous_10)
FNF:11
FNH:5
FNDA:4,AddProduct
FNDA:1,(anonymous_1)
FNDA:0,(anonymous_2)
FNDA:0,(anonymous_3)
FNDA:1,(anonymous_4)
FNDA:1,(anonymous_5)
FNDA:0,(anonymous_6)
FNDA:0,(anonymous_7)
FNDA:24,(anonymous_8)
FNDA:0,(anonymous_9)
FNDA:0,(anonymous_10)
DA:12,1
DA:18,4
DA:19,4
DA:20,4
DA:23,4
DA:24,4
DA:26,4
DA:27,1
DA:28,1
DA:29,1
DA:30,1
DA:32,1
DA:33,1
DA:34,1
DA:35,1
DA:38,4
DA:39,0
DA:40,0
DA:41,0
DA:49,4
DA:50,1
DA:51,1
DA:52,0
DA:54,0
DA:55,0
DA:56,0
DA:57,0
DA:58,0
DA:61,0
DA:73,0
DA:77,0
DA:79,0
DA:80,0
DA:82,0
DA:86,4
DA:90,1
DA:129,0
DA:144,0
DA:151,24
DA:169,0
DA:187,0
LF:41
LH:22
BRDA:28,0,0,1
BRDA:28,0,1,0
BRDA:29,1,0,1
BRDA:29,1,1,0
BRDA:30,2,0,1
BRDA:30,2,1,0
BRDA:32,3,0,1
BRDA:32,3,1,0
BRDA:32,4,0,1
BRDA:32,4,1,1
BRDA:33,5,0,1
BRDA:33,5,1,0
BRDA:33,6,0,1
BRDA:33,6,1,1
BRDA:40,7,0,0
BRDA:40,7,1,0
BRDA:51,8,0,1
BRDA:51,8,1,0
BRDA:51,9,0,1
BRDA:51,9,1,0
BRDA:107,10,0,0
BRDA:107,10,1,4
BRDA:117,11,0,4
BRDA:117,11,1,1
BRDA:130,12,0,1
BRDA:130,12,1,3
BRDA:133,13,0,4
BRDA:133,13,1,1
BRDA:145,14,0,1
BRDA:145,14,1,3
BRDA:156,15,0,4
BRDA:156,15,1,1
BRDA:170,16,0,1
BRDA:170,16,1,3
BRDA:175,17,0,4
BRDA:175,17,1,1
BRDA:188,18,0,1
BRDA:188,18,1,3
BRDA:192,19,0,4
BRDA:192,19,1,1
BRDA:196,20,0,4
BRDA:196,20,1,0
BRDA:200,21,0,0
BRDA:200,21,1,4
BRDA:203,22,0,0
BRDA:203,22,1,4
BRF:46
BRH:33
end_of_record
TN:
SF:src/components/BuyerHomeButton.jsx
FN:4,(anonymous_0)
FNF:1
FNH:1
FNDA:3,(anonymous_0)
DA:4,1
DA:5,3
LF:2
LH:2
BRF:0
BRH:0
end_of_record
TN:
SF:src/components/BuyerHomeCard.jsx
FN:11,(anonymous_0)
FN:19,(anonymous_1)
FN:20,(anonymous_2)
FN:29,(anonymous_3)
FN:36,(anonymous_4)
FNF:5
FNH:5
FNDA:12,(anonymous_0)
FNDA:6,(anonymous_1)
FNDA:6,(anonymous_2)
FNDA:2,(anonymous_3)
FNDA:1,(anonymous_4)
DA:11,1
DA:12,12
DA:13,12
DA:14,12
DA:15,12
DA:16,12
DA:19,12
DA:20,6
DA:21,6
DA:22,5
DA:23,5
DA:24,5
DA:26,6
DA:29,12
DA:30,2
DA:31,1
DA:32,1
DA:34,1
DA:35,1
DA:36,1
DA:39,12
LF:21
LH:21
BRDA:11,0,0,0
BRDA:21,1,0,1
BRDA:21,1,1,5
BRDA:21,2,0,6
BRDA:21,2,1,5
BRDA:24,3,0,4
BRDA:24,3,1,1
BRDA:30,4,0,1
BRDA:30,4,1,1
BRDA:43,5,0,12
BRDA:43,5,1,1
BRDA:51,6,0,12
BRDA:51,6,1,1
BRDA:54,7,0,12
BRDA:54,7,1,6
BRDA:55,8,0,5
BRDA:55,8,1,1
BRDA:64,9,0,12
BRDA:64,9,1,11
BRDA:68,10,0,12
BRDA:68,10,1,12
BRDA:83,11,0,12
BRDA:83,11,1,1
BRF:23
BRH:22
end_of_record
TN:
SF:src/components/BuyerHomeInput.jsx
FN:3,(anonymous_0)
FNF:1
FNH:1
FNDA:48,(anonymous_0)
DA:3,2
DA:4,48
LF:2
LH:2
BRDA:15,0,0,3
BRDA:15,0,1,45
BRF:2
BRH:2
end_of_record
TN:
SF:src/components/Cart.jsx
FN:12,(anonymous_0)
FN:16,(anonymous_1)
FN:17,(anonymous_2)
FN:23,(anonymous_3)
FN:26,(anonymous_4)
FN:30,(anonymous_5)
FN:38,(anonymous_6)
FN:59,(anonymous_7)
FN:74,(anonymous_8)
FN:82,(anonymous_9)
FN:93,(anonymous_10)
FNF:11
FNH:11
FNDA:6,(anonymous_0)
FNDA:6,(anonymous_1)
FNDA:6,(anonymous_2)
FNDA:6,(anonymous_3)
FNDA:1,(anonymous_4)
FNDA:1,(anonymous_5)
FNDA:1,(anonymous_6)
FNDA:5,(anonymous_7)
FNDA:1,(anonymous_8)
FNDA:1,(anonymous_9)
FNDA:1,(anonymous_10)
DA:12,1
DA:13,6
DA:14,6
DA:16,6
DA:17,6
DA:18,6
DA:19,6
DA:23,6
DA:26,6
DA:27,1
DA:30,6
DA:31,1
DA:32,1
DA:34,0
DA:38,6
DA:39,1
DA:42,6
DA:60,5
DA:74,1
DA:82,1
DA:93,1
LF:21
LH:20
BRDA:18,0,0,6
BRDA:18,0,1,0
BRDA:31,1,0,1
BRDA:31,1,1,0
BRDA:46,2,0,6
BRDA:46,2,1,5
BRDA:49,3,0,1
BRDA:49,3,1,5
BRF:8
BRH:6
end_of_record
TN:
SF:src/components/CartContext.jsx
FN:9,(anonymous_0)
FN:18,(anonymous_1)
FN:23,(anonymous_2)
FN:24,(anonymous_3)
FN:26,(anonymous_4)
FN:27,(anonymous_5)
FN:30,(anonymous_6)
FN:31,(anonymous_7)
FN:42,(anonymous_8)
FN:46,(anonymous_9)
FN:52,(anonymous_10)
FN:55,(anonymous_11)
FN:93,(anonymous_12)
FN:97,(anonymous_13)
FN:112,(anonymous_14)
FN:123,(anonymous_15)
FN:129,(anonymous_16)
FN:153,(anonymous_17)
FNF:18
FNH:15
FNDA:1,(anonymous_0)
FNDA:2,(anonymous_1)
FNDA:1,(anonymous_2)
FNDA:1,(anonymous_3)
FNDA:2,(anonymous_4)
FNDA:1,(anonymous_5)
FNDA:1,(anonymous_6)
FNDA:1,(anonymous_7)
FNDA:0,(anonymous_8)
FNDA:0,(anonymous_9)
FNDA:2,(anonymous_10)
FNDA:2,(anonymous_11)
FNDA:1,(anonymous_12)
FNDA:1,(anonymous_13)
FNDA:2,(anonymous_14)
FNDA:1,(anonymous_15)
FNDA:0,(anonymous_16)
FNDA:8,(anonymous_17)
DA:7,2
DA:9,2
DA:10,1
DA:12,1
DA:14,0
DA:18,2
DA:19,2
DA:20,2
DA:21,2
DA:23,2
DA:24,2
DA:26,2
DA:27,2
DA:28,1
DA:29,1
DA:30,1
DA:31,1
DA:32,1
DA:33,1
DA:40,1
DA:41,1
DA:43,0
DA:44,0
DA:46,1
DA:48,0
DA:49,0
DA:52,2
DA:55,2
DA:56,2
DA:57,2
DA:59,2
DA:60,2
DA:61,2
DA:62,2
DA:64,2
DA:65,2
DA:66,2
DA:67,2
DA:68,2
DA:70,2
DA:71,0
DA:72,0
DA:75,2
DA:76,0
DA:78,2
DA:79,2
DA:89,0
DA:93,2
DA:94,1
DA:97,2
DA:98,1
DA:99,1
DA:100,1
DA:101,1
DA:102,0
DA:103,0
DA:105,1
DA:108,0
DA:112,2
DA:113,2
DA:114,2
DA:115,2
DA:116,2
DA:117,2
DA:119,0
DA:123,2
DA:124,1
DA:125,1
DA:126,1
DA:127,1
DA:128,1
DA:129,1
DA:130,1
DA:132,0
DA:136,2
DA:153,2
DA:154,8
DA:155,8
DA:156,8
LF:79
LH:65
BRDA:10,0,0,1
BRDA:10,0,1,0
BRDA:28,1,0,1
BRDA:28,1,1,0
BRDA:55,2,0,1
BRDA:57,3,0,0
BRDA:57,3,1,2
BRDA:62,4,0,2
BRDA:62,4,1,0
BRDA:62,5,0,2
BRDA:62,5,1,0
BRDA:67,6,0,2
BRDA:67,6,1,0
BRDA:68,7,0,0
BRDA:68,7,1,2
BRDA:70,8,0,0
BRDA:70,8,1,2
BRDA:75,9,0,0
BRDA:75,9,1,2
BRDA:99,10,0,0
BRDA:99,10,1,1
BRDA:101,11,0,0
BRDA:101,11,1,1
BRDA:114,12,0,0
BRDA:114,12,1,2
BRDA:125,13,0,0
BRDA:125,13,1,1
BRDA:155,14,0,0
BRDA:155,14,1,8
BRF:29
BRH:15
end_of_record
TN:
SF:src/components/CartPage.jsx
FN:8,CartPage
FN:13,(anonymous_1)
FN:14,(anonymous_2)
FN:17,(anonymous_3)
FN:20,(anonymous_4)
FN:52,(anonymous_5)
FN:61,(anonymous_6)
FN:63,(anonymous_7)
FN:67,(anonymous_8)
FNF:9
FNH:0
FNDA:0,CartPage
FNDA:0,(anonymous_1)
FNDA:0,(anonymous_2)
FNDA:0,(anonymous_3)
FNDA:0,(anonymous_4)
FNDA:0,(anonymous_5)
FNDA:0,(anonymous_6)
FNDA:0,(anonymous_7)
FNDA:0,(anonymous_8)
DA:9,0
DA:10,0
DA:11,0
DA:13,0
DA:14,0
DA:15,0
DA:17,0
DA:20,0
DA:22,0
DA:23,0
DA:33,0
DA:53,0
DA:61,0
DA:63,0
DA:67,0
LF:15
LH:0
BRDA:15,0,0,0
BRDA:15,0,1,0
BRDA:22,1,0,0
BRDA:22,1,1,0
BRDA:42,2,0,0
BRDA:42,2,1,0
BRF:6
BRH:0
end_of_record
TN:
SF:src/components/CreateStore.jsx
FN:7,CreateStore
FN:17,(anonymous_1)
FN:21,(anonymous_2)
FN:23,(anonymous_3)
FN:28,(anonymous_4)
FN:32,(anonymous_5)
FN:223,(anonymous_6)
FN:224,(anonymous_7)
FN:236,(anonymous_8)
FN:237,(anonymous_9)
FN:253,(anonymous_10)
FN:254,(anonymous_11)
FN:267,(anonymous_12)
FN:268,(anonymous_13)
FNF:14
FNH:11
FNDA:11,CreateStore
FNDA:4,(anonymous_1)
FNDA:0,(anonymous_2)
FNDA:0,(anonymous_3)
FNDA:4,(anonymous_4)
FNDA:0,(anonymous_5)
FNDA:1,(anonymous_6)
FNDA:1,(anonymous_7)
FNDA:1,(anonymous_8)
FNDA:1,(anonymous_9)
FNDA:1,(anonymous_10)
FNDA:1,(anonymous_11)
FNDA:1,(anonymous_12)
FNDA:1,(anonymous_13)
DA:8,11
DA:9,11
DA:17,11
DA:18,4
DA:20,4
DA:21,0
DA:22,0
DA:23,0
DA:25,0
DA:28,4
DA:32,11
DA:33,0
DA:34,0
DA:36,0
DA:37,0
DA:38,0
DA:41,0
DA:53,0
DA:54,0
DA:55,0
DA:56,0
DA:58,0
DA:59,0
DA:64,11
DA:199,11
DA:223,1
DA:224,1
DA:236,1
DA:237,1
DA:253,1
DA:254,1
DA:267,1
DA:268,1
LF:33
LH:17
BRDA:20,0,0,0
BRDA:20,0,1,4
BRDA:22,1,0,0
BRDA:22,1,1,0
BRDA:36,2,0,0
BRDA:36,2,1,0
BRF:6
BRH:1
end_of_record
TN:
SF:src/components/DashboardSummary.jsx
FN:3,DashboardSummary
FNF:1
FNH:1
FNDA:4,DashboardSummary
DA:4,4
LF:1
LH:1
BRDA:6,0,0,4
BRDA:6,0,1,1
BRF:2
BRH:2
end_of_record
TN:
SF:src/components/DateFilter.jsx
FN:3,DateFilter
FNF:1
FNH:1
FNDA:14,DateFilter
DA:4,14
LF:1
LH:1
BRDA:13,0,0,14
BRDA:13,0,1,9
BRDA:22,1,0,14
BRDA:22,1,1,8
BRDA:30,2,0,14
BRDA:30,2,1,8
BRDA:34,3,0,14
BRDA:34,3,1,8
BRDA:34,3,2,9
BRF:9
BRH:9
end_of_record
TN:
SF:src/components/InventoryTable.jsx
FN:3,InventoryTable
FN:23,(anonymous_1)
FN:42,(anonymous_2)
FNF:3
FNH:0
FNDA:0,InventoryTable
FNDA:0,(anonymous_1)
FNDA:0,(anonymous_2)
DA:4,0
DA:24,0
DA:42,0
LF:3
LH:0
BRDA:10,0,0,0
BRDA:10,0,1,0
BRDA:30,1,0,0
BRDA:30,1,1,0
BRDA:31,2,0,0
BRDA:31,2,1,0
BRDA:31,3,0,0
BRDA:31,3,1,0
BRF:8
BRH:0
end_of_record
TN:
SF:src/components/LoadCredits.jsx
FN:8,LoadCredits
FN:14,(anonymous_1)
FN:46,(anonymous_2)
FN:59,(anonymous_3)
FNF:4
FNH:3
FNDA:26,LoadCredits
FNDA:7,(anonymous_1)
FNDA:0,(anonymous_2)
FNDA:7,(anonymous_3)
DA:9,26
DA:10,26
DA:11,26
DA:12,26
DA:14,26
DA:15,7
DA:16,7
DA:17,2
DA:18,2
DA:21,5
DA:22,5
DA:23,0
DA:24,0
DA:27,5
DA:28,5
DA:29,5
DA:30,5
DA:31,4
DA:33,4
DA:34,1
DA:35,1
DA:38,3
DA:39,3
DA:40,3
DA:42,1
DA:43,1
DA:45,5
DA:46,5
DA:50,26
DA:59,7
LF:30
LH:28
BRDA:16,0,0,2
BRDA:16,0,1,5
BRDA:16,1,0,7
BRDA:16,1,1,6
BRDA:22,2,0,0
BRDA:22,2,1,5
BRDA:31,3,0,2
BRDA:31,3,1,2
BRDA:31,4,0,4
BRDA:31,4,1,3
BRDA:33,5,0,1
BRDA:33,5,1,3
BRDA:63,6,0,5
BRDA:63,6,1,21
BRDA:65,7,0,26
BRDA:65,7,1,8
BRF:16
BRH:15
end_of_record
TN:
SF:src/components/LoadingBar.jsx
FN:5,LoadingBar
FN:8,(anonymous_1)
FN:10,(anonymous_2)
FN:20,(anonymous_3)
FNF:4
FNH:4
FNDA:6,LoadingBar
FNDA:3,(anonymous_1)
FNDA:251,(anonymous_2)
FNDA:3,(anonymous_3)
DA:6,6
DA:8,6
DA:9,3
DA:10,3
DA:11,251
DA:12,251
DA:13,251
DA:14,251
DA:15,251
DA:16,250
DA:19,3
DA:20,3
DA:23,6
LF:13
LH:13
BRDA:5,0,0,1
BRDA:11,1,0,2
BRDA:11,1,1,249
BRDA:15,2,0,250
BRDA:15,2,1,1
BRF:5
BRH:5
end_of_record
TN:
SF:src/components/ManageStore.jsx
FN:10,ManageStore
FN:21,(anonymous_1)
FN:22,(anonymous_2)
FN:52,(anonymous_3)
FN:53,(anonymous_4)
FN:60,(anonymous_5)
FN:66,(anonymous_6)
FN:69,(anonymous_7)
FN:72,(anonymous_8)
FN:77,(anonymous_9)
FN:82,(anonymous_10)
FN:86,(anonymous_11)
FN:95,(anonymous_12)
FN:112,(anonymous_13)
FN:134,(anonymous_14)
FN:135,(anonymous_15)
FN:136,(anonymous_16)
FN:140,(anonymous_17)
FN:152,(anonymous_18)
FN:192,(anonymous_19)
FN:201,(anonymous_20)
FN:239,(anonymous_21)
FN:246,(anonymous_22)
FN:277,(anonymous_23)
FN:288,(anonymous_24)
FN:318,(anonymous_25)
FN:322,(anonymous_26)
FN:328,(anonymous_27)
FNF:28
FNH:12
FNDA:19,ManageStore
FNDA:7,(anonymous_1)
FNDA:6,(anonymous_2)
FNDA:5,(anonymous_3)
FNDA:6,(anonymous_4)
FNDA:0,(anonymous_5)
FNDA:0,(anonymous_6)
FNDA:7,(anonymous_7)
FNDA:0,(anonymous_8)
FNDA:0,(anonymous_9)
FNDA:0,(anonymous_10)
FNDA:0,(anonymous_11)
FNDA:1,(anonymous_12)
FNDA:0,(anonymous_13)
FNDA:0,(anonymous_14)
FNDA:0,(anonymous_15)
FNDA:0,(anonymous_16)
FNDA:8,(anonymous_17)
FNDA:1,(anonymous_18)
FNDA:1,(anonymous_19)
FNDA:0,(anonymous_20)
FNDA:7,(anonymous_21)
FNDA:0,(anonymous_22)
FNDA:1,(anonymous_23)
FNDA:0,(anonymous_24)
FNDA:0,(anonymous_25)
FNDA:0,(anonymous_26)
FNDA:0,(anonymous_27)
DA:11,19
DA:12,19
DA:13,19
DA:14,19
DA:15,19
DA:16,19
DA:17,19
DA:18,19
DA:19,19
DA:21,19
DA:22,7
DA:23,6
DA:24,1
DA:25,1
DA:26,1
DA:28,5
DA:29,5
DA:31,5
DA:32,5
DA:33,4
DA:34,3
DA:36,1
DA:37,1
DA:38,1
DA:40,0
DA:44,1
DA:45,1
DA:48,5
DA:49,5
DA:50,5
DA:53,6
DA:58,5
DA:61,0
DA:62,0
DA:63,0
DA:66,5
DA:69,7
DA:72,19
DA:73,0
DA:74,0
DA:77,19
DA:78,0
DA:79,0
DA:82,19
DA:83,0
DA:84,0
DA:85,0
DA:86,0
DA:88,0
DA:90,0
DA:91,0
DA:95,19
DA:96,1
DA:97,0
DA:98,0
DA:99,0
DA:101,1
DA:102,1
DA:103,1
DA:104,1
DA:105,1
DA:107,0
DA:108,0
DA:112,19
DA:113,0
DA:114,0
DA:115,0
DA:116,0
DA:118,0
DA:119,0
DA:120,0
DA:121,0
DA:122,0
DA:123,0
DA:125,0
DA:126,0
DA:127,0
DA:129,0
DA:130,0
DA:134,19
DA:135,0
DA:136,0
DA:140,19
DA:141,8
DA:145,19
DA:146,2
DA:152,1
DA:161,17
DA:162,12
DA:174,5
DA:192,1
DA:201,0
DA:240,7
DA:247,0
DA:248,0
DA:277,1
DA:288,0
DA:319,0
DA:322,0
DA:328,0
LF:100
LH:56
BRDA:23,0,0,1
BRDA:23,0,1,5
BRDA:33,1,0,3
BRDA:33,1,1,1
BRDA:37,2,0,1
BRDA:37,2,1,0
BRDA:37,3,0,1
BRDA:37,3,1,1
BRDA:48,4,0,5
BRDA:48,4,1,0
BRDA:83,5,0,0
BRDA:83,5,1,0
BRDA:83,6,0,0
BRDA:83,6,1,0
BRDA:96,7,0,0
BRDA:96,7,1,1
BRDA:102,8,0,0
BRDA:102,8,1,1
BRDA:105,9,0,1
BRDA:105,9,1,0
BRDA:113,10,0,0
BRDA:113,10,1,0
BRDA:119,11,0,0
BRDA:119,11,1,0
BRDA:121,12,0,0
BRDA:121,12,1,0
BRDA:121,13,0,0
BRDA:121,13,1,0
BRDA:136,14,0,0
BRDA:136,14,1,0
BRDA:141,15,0,8
BRDA:141,15,1,2
BRDA:145,16,0,2
BRDA:145,16,1,17
BRDA:161,17,0,12
BRDA:161,17,1,5
BRDA:232,18,0,1
BRDA:232,18,1,4
BRDA:235,19,0,1
BRDA:235,19,1,0
BRDA:243,20,0,7
BRDA:243,20,1,0
BRDA:263,21,0,4
BRDA:263,21,1,3
BRDA:306,22,0,5
BRDA:306,22,1,0
BRDA:321,23,0,0
BRDA:321,23,1,0
BRDA:332,24,0,0
BRDA:332,24,1,0
BRF:50
BRH:24
end_of_record
TN:
SF:src/components/OrderCard.jsx
FN:4,(anonymous_0)
FNF:1
FNH:1
FNDA:6,(anonymous_0)
DA:4,1
DA:5,6
LF:2
LH:2
BRF:0
BRH:0
end_of_record
TN:
SF:src/components/PaymentPage.jsx
FN:10,PaymentPage
FN:24,(anonymous_1)
FN:27,(anonymous_2)
FN:33,(anonymous_3)
FN:51,(anonymous_4)
FN:63,(anonymous_5)
FN:99,(anonymous_6)
FN:162,(anonymous_7)
FNF:8
FNH:5
FNDA:6,PaymentPage
FNDA:6,(anonymous_1)
FNDA:6,(anonymous_2)
FNDA:1,(anonymous_3)
FNDA:0,(anonymous_4)
FNDA:0,(anonymous_5)
FNDA:0,(anonymous_6)
FNDA:1,(anonymous_7)
DA:11,6
DA:12,6
DA:13,6
DA:14,6
DA:15,6
DA:16,6
DA:18,6
DA:19,6
DA:20,6
DA:21,6
DA:22,6
DA:24,6
DA:25,6
DA:26,6
DA:27,6
DA:28,6
DA:33,6
DA:34,1
DA:35,1
DA:36,1
DA:37,1
DA:38,1
DA:39,1
DA:41,0
DA:42,0
DA:43,0
DA:44,0
DA:47,0
DA:48,0
DA:49,0
DA:50,0
DA:51,0
DA:52,0
DA:53,0
DA:54,0
DA:56,0
DA:57,0
DA:59,0
DA:63,6
DA:64,0
DA:65,0
DA:66,0
DA:67,0
DA:70,0
DA:71,0
DA:72,0
DA:74,0
DA:76,0
DA:77,0
DA:78,0
DA:80,0
DA:81,0
DA:84,0
DA:85,0
DA:86,0
DA:91,0
DA:92,0
DA:95,0
DA:96,0
DA:99,0
DA:113,0
DA:114,0
DA:115,0
DA:116,0
DA:119,0
DA:120,0
DA:129,0
DA:131,0
DA:138,0
DA:139,0
DA:141,0
DA:142,0
DA:143,0
DA:145,0
DA:149,6
DA:162,1
LF:76
LH:26
BRDA:13,0,0,6
BRDA:13,0,1,0
BRDA:25,1,0,6
BRDA:25,1,1,0
BRDA:28,2,0,6
BRDA:28,2,1,0
BRDA:28,3,0,6
BRDA:28,3,1,0
BRDA:35,4,0,0
BRDA:35,4,1,1
BRDA:36,5,0,1
BRDA:36,5,1,0
BRDA:36,6,0,1
BRDA:36,6,1,1
BRDA:41,7,0,0
BRDA:41,7,1,0
BRDA:64,8,0,0
BRDA:64,8,1,0
BRDA:80,9,0,0
BRDA:80,9,1,0
BRDA:85,10,0,0
BRDA:85,10,1,0
BRDA:100,11,0,0
BRDA:100,11,1,0
BRDA:122,12,0,0
BRDA:122,12,1,0
BRDA:133,13,0,0
BRDA:133,13,1,0
BRDA:142,14,0,0
BRDA:142,14,1,0
BRDA:167,15,0,6
BRDA:167,15,1,2
BRDA:168,16,0,6
BRDA:168,16,1,0
BRF:34
BRH:11
end_of_record
TN:
SF:src/components/PaymentSuccess.jsx
FN:5,PaymentSuccess
FNF:1
FNH:1
FNDA:1,PaymentSuccess
DA:6,1
LF:1
LH:1
BRF:0
BRH:0
end_of_record
TN:
SF:src/components/SalesTable.jsx
FN:5,SalesTable
FN:16,(anonymous_1)
FN:52,(anonymous_2)
FN:54,(anonymous_3)
FNF:4
FNH:4
FNDA:9,SalesTable
FNDA:20,(anonymous_1)
FNDA:15,(anonymous_2)
FNDA:25,(anonymous_3)
DA:16,9
DA:17,20
DA:18,20
DA:19,15
DA:21,5
DA:24,9
DA:53,15
DA:54,15
DA:55,25
DA:57,20
DA:58,20
DA:59,20
DA:61,20
LF:13
LH:13
BRDA:17,0,0,0
BRDA:17,0,1,20
BRDA:18,1,0,15
BRDA:18,1,1,5
BRDA:38,2,0,5
BRDA:38,2,1,4
BRDA:53,3,0,15
BRDA:53,3,1,0
BRDA:55,4,0,5
BRDA:55,4,1,20
BRDA:57,5,0,20
BRDA:57,5,1,5
BRDA:59,6,0,20
BRDA:59,6,1,0
BRDA:79,7,0,1
BRDA:79,7,1,3
BRDA:79,8,0,4
BRDA:79,8,1,2
BRDA:81,9,0,1
BRDA:81,9,1,2
BRDA:83,10,0,1
BRDA:83,10,1,1
BRF:22
BRH:19
end_of_record
TN:
SF:src/components/card.jsx
FN:3,Card
FN:5,(anonymous_1)
FN:21,(anonymous_2)
FN:28,(anonymous_3)
FN:40,(anonymous_4)
FNF:5
FNH:4
FNDA:5,Card
FNDA:5,(anonymous_1)
FNDA:5,(anonymous_2)
FNDA:5,(anonymous_3)
FNDA:0,(anonymous_4)
DA:5,5
DA:6,5
DA:8,0
DA:10,4
DA:12,0
DA:14,0
DA:16,1
DA:21,5
DA:23,5
DA:24,5
DA:28,5
DA:29,5
DA:30,4
DA:33,5
DA:41,0
DA:42,0
LF:16
LH:11
BRDA:6,0,0,0
BRDA:6,0,1,4
BRDA:6,0,2,0
BRDA:6,0,3,0
BRDA:6,0,4,1
BRDA:23,1,0,4
BRDA:23,1,1,1
BRDA:23,2,0,1
BRDA:23,2,1,1
BRDA:29,3,0,1
BRDA:29,3,1,4
BRDA:50,4,0,5
BRDA:50,4,1,4
BRDA:53,5,0,5
BRDA:53,5,1,1
BRDA:58,6,0,5
BRDA:58,6,1,1
BRDA:61,7,0,5
BRDA:61,7,1,1
BRF:19
BRH:16
end_of_record
TN:
SF:src/components/footer.jsx
FN:2,Footer
FNF:1
FNH:1
FNDA:2,Footer
DA:3,2
LF:1
LH:1
BRF:0
BRH:0
end_of_record
TN:
SF:src/components/nav.jsx
FN:8,Navigation
FN:16,(anonymous_1)
FN:17,(anonymous_2)
FN:27,(anonymous_3)
FN:44,(anonymous_4)
FN:49,(anonymous_5)
FN:54,(anonymous_6)
FN:77,(anonymous_7)
FN:77,(anonymous_8)
FNF:9
FNH:9
FNDA:16,Navigation
FNDA:16,(anonymous_1)
FNDA:16,(anonymous_2)
FNDA:1,(anonymous_3)
FNDA:6,(anonymous_4)
FNDA:6,(anonymous_5)
FNDA:6,(anonymous_6)
FNDA:3,(anonymous_7)
FNDA:3,(anonymous_8)
DA:9,16
DA:10,16
DA:11,16
DA:12,16
DA:13,16
DA:16,16
DA:17,16
DA:19,16
DA:20,16
DA:21,0
DA:24,16
DA:27,16
DA:28,1
DA:29,1
DA:31,1
DA:33,0
DA:37,16
DA:42,16
DA:44,6
DA:49,6
DA:54,6
DA:67,16
DA:77,3
LF:23
LH:21
BRDA:20,0,0,0
BRDA:20,0,1,16
BRDA:20,1,0,16
BRDA:20,1,1,6
BRDA:37,2,0,16
BRDA:37,2,1,14
BRDA:44,3,0,0
BRDA:44,3,1,6
BRDA:49,4,0,0
BRDA:49,4,1,6
BRDA:54,5,0,0
BRDA:54,5,1,6
BRDA:79,6,0,2
BRDA:79,6,1,14
BRDA:83,7,0,16
BRDA:83,7,1,2
BRF:16
BRH:12
end_of_record
TN:
SF:src/components/sellerNav.jsx
FN:6,Navi
FN:11,(anonymous_1)
FN:21,(anonymous_2)
FN:31,(anonymous_3)
FN:40,(anonymous_4)
FN:48,(anonymous_5)
FN:56,(anonymous_6)
FN:76,(anonymous_7)
FN:76,(anonymous_8)
FNF:9
FNH:8
FNDA:5,Navi
FNDA:0,(anonymous_1)
FNDA:6,(anonymous_2)
FNDA:6,(anonymous_3)
FNDA:6,(anonymous_4)
FNDA:6,(anonymous_5)
FNDA:6,(anonymous_6)
FNDA:2,(anonymous_7)
FNDA:2,(anonymous_8)
DA:7,5
DA:8,5
DA:9,5
DA:11,5
DA:12,0
DA:13,0
DA:14,0
DA:16,0
DA:21,5
DA:22,6
DA:31,6
DA:40,6
DA:48,6
DA:56,6
DA:64,5
DA:76,2
LF:16
LH:12
BRDA:31,0,0,0
BRDA:31,0,1,6
BRDA:40,1,0,0
BRDA:40,1,1,6
BRDA:48,2,0,0
BRDA:48,2,1,6
BRDA:56,3,0,0
BRDA:56,3,1,6
BRDA:78,4,0,1
BRDA:78,4,1,4
BRDA:82,5,0,5
BRDA:82,5,1,1
BRF:12
BRH:8
end_of_record
TN:
SF:src/components/seller_card.jsx
FN:4,Card
FN:10,(anonymous_1)
FN:25,(anonymous_2)
FN:29,(anonymous_3)
FN:37,(anonymous_4)
FN:82,(anonymous_5)
FNF:6
FNH:0
FNDA:0,Card
FNDA:0,(anonymous_1)
FNDA:0,(anonymous_2)
FNDA:0,(anonymous_3)
FNDA:0,(anonymous_4)
FNDA:0,(anonymous_5)
DA:6,0
DA:7,0
DA:10,0
DA:11,0
DA:13,0
DA:15,0
DA:17,0
DA:19,0
DA:21,0
DA:25,0
DA:26,0
DA:29,0
DA:30,0
DA:31,0
DA:32,0
DA:37,0
DA:38,0
DA:40,0
DA:42,0
DA:44,0
DA:45,0
DA:53,0
DA:54,0
DA:55,0
DA:59,0
DA:60,0
DA:66,0
DA:67,0
DA:72,0
DA:74,0
DA:83,0
DA:84,0
LF:32
LH:0
BRDA:6,0,0,0
BRDA:6,0,1,0
BRDA:11,1,0,0
BRDA:11,1,1,0
BRDA:11,1,2,0
BRDA:11,1,3,0
BRDA:11,1,4,0
BRDA:31,2,0,0
BRDA:31,2,1,0
BRDA:31,3,0,0
BRDA:31,3,1,0
BRDA:38,4,0,0
BRDA:38,4,1,0
BRDA:42,5,0,0
BRDA:42,5,1,0
BRDA:42,6,0,0
BRDA:42,6,1,0
BRDA:42,6,2,0
BRDA:53,7,0,0
BRDA:53,7,1,0
BRDA:53,8,0,0
BRDA:53,8,1,0
BRDA:72,9,0,0
BRDA:72,9,1,0
BRDA:99,10,0,0
BRDA:99,10,1,0
BRDA:113,11,0,0
BRDA:113,11,1,0
BRDA:119,12,0,0
BRDA:119,12,1,0
BRDA:121,13,0,0
BRDA:121,13,1,0
BRDA:138,14,0,0
BRDA:138,14,1,0
BRF:34
BRH:0
end_of_record
