TN:
SF:src/About.jsx
FN:12,AboutUs
FN:91,(anonymous_1)
FNF:2
FNH:2
FNDA:4,AboutUs
FNDA:20,(anonymous_1)
DA:4,1
DA:13,4
DA:92,20
LF:3
LH:3
BRF:0
BRH:0
end_of_record
TN:
SF:src/Buyer.jsx
FN:9,BuyerTrack
FN:17,(anonymous_1)
FN:29,(anonymous_2)
FN:40,(anonymous_3)
FN:53,(anonymous_4)
FN:66,(anonymous_5)
FN:67,(anonymous_6)
FN:166,(anonymous_7)
FN:210,(anonymous_8)
FN:221,(anonymous_9)
FNF:10
FNH:4
FNDA:4,BuyerTrack
FNDA:0,(anonymous_1)
FNDA:0,(anonymous_2)
FNDA:0,(anonymous_3)
FNDA:3,(anonymous_4)
FNDA:2,(anonymous_5)
FNDA:2,(anonymous_6)
FNDA:0,(anonymous_7)
FNDA:0,(anonymous_8)
FNDA:0,(anonymous_9)
DA:10,4
DA:11,4
DA:12,4
DA:13,4
DA:14,4
DA:17,4
DA:18,0
DA:19,0
DA:20,0
DA:26,0
DA:29,4
DA:30,0
DA:31,0
DA:32,0
DA:33,0
DA:35,0
DA:36,0
DA:40,4
DA:41,0
DA:42,0
DA:43,0
DA:44,0
DA:45,0
DA:47,0
DA:48,0
DA:53,4
DA:54,3
DA:55,3
DA:56,3
DA:58,0
DA:59,0
DA:60,0
DA:61,0
DA:66,4
DA:67,2
DA:68,2
DA:70,1
DA:71,1
DA:72,1
DA:76,1
DA:78,0
DA:81,0
DA:82,0
DA:83,0
DA:86,0
DA:88,0
DA:90,0
DA:91,0
DA:93,0
DA:94,0
DA:95,0
DA:99,0
DA:101,0
DA:102,0
DA:105,0
DA:109,0
DA:111,0
DA:116,0
DA:135,0
DA:136,0
DA:138,0
DA:139,0
DA:140,0
DA:141,0
DA:143,0
DA:147,0
DA:166,0
DA:167,0
DA:168,0
DA:169,0
DA:172,0
DA:174,1
DA:175,1
DA:177,1
DA:181,2
DA:184,4
DA:210,0
DA:222,0
LF:78
LH:24
BRDA:18,0,0,0
BRDA:18,0,1,0
BRDA:19,1,0,0
BRDA:19,1,1,0
BRDA:33,2,0,0
BRDA:33,2,1,0
BRDA:41,3,0,0
BRDA:41,3,1,0
BRDA:45,4,0,0
BRDA:45,4,1,0
BRDA:55,5,0,3
BRDA:55,5,1,0
BRDA:68,6,0,1
BRDA:68,6,1,1
BRDA:83,7,0,0
BRDA:83,7,1,0
BRDA:86,8,0,0
BRDA:86,8,1,0
BRDA:86,9,0,0
BRDA:86,9,1,0
BRDA:86,9,2,0
BRDA:93,10,0,0
BRDA:93,10,1,0
BRDA:93,11,0,0
BRDA:93,11,1,0
BRDA:101,12,0,0
BRDA:101,12,1,0
BRDA:121,13,0,0
BRDA:121,13,1,0
BRDA:121,13,2,0
BRDA:122,14,0,0
BRDA:122,14,1,0
BRDA:122,14,2,0
BRDA:123,15,0,0
BRDA:123,15,1,0
BRDA:124,16,0,0
BRDA:124,16,1,0
BRDA:124,16,2,0
BRDA:124,17,0,0
BRDA:124,17,1,0
BRDA:125,18,0,0
BRDA:125,18,1,0
BRDA:125,18,2,0
BRDA:128,19,0,0
BRDA:128,19,1,0
BRDA:128,19,2,0
BRDA:130,20,0,0
BRDA:130,20,1,0
BRDA:130,20,2,0
BRDA:138,21,0,0
BRDA:138,21,1,0
BRDA:138,22,0,0
BRDA:138,22,1,0
BRDA:151,23,0,0
BRDA:151,23,1,0
BRDA:151,23,2,0
BRDA:152,24,0,0
BRDA:152,24,1,0
BRDA:152,24,2,0
BRDA:153,25,0,0
BRDA:153,25,1,0
BRDA:154,26,0,0
BRDA:154,26,1,0
BRDA:155,27,0,0
BRDA:155,27,1,0
BRDA:155,27,2,0
BRDA:155,28,0,0
BRDA:155,28,1,0
BRDA:156,29,0,0
BRDA:156,29,1,0
BRDA:156,29,2,0
BRDA:158,30,0,0
BRDA:158,30,1,0
BRDA:160,31,0,0
BRDA:160,31,1,0
BRDA:160,31,2,0
BRDA:167,32,0,0
BRDA:167,32,1,0
BRDA:167,32,2,0
BRDA:168,33,0,0
BRDA:168,33,1,0
BRDA:168,33,2,0
BRDA:200,34,0,2
BRDA:200,34,1,2
BRDA:205,35,0,2
BRDA:205,35,1,0
BRDA:215,36,0,0
BRDA:215,36,1,0
BRDA:222,37,0,0
BRDA:222,37,1,0
BRF:90
BRH:6
end_of_record
TN:
SF:src/firebase.js
FNF:0
FNH:0
DA:6,1
DA:15,1
DA:16,1
DA:17,1
DA:18,1
DA:19,1
LF:6
LH:6
BRF:0
BRH:0
end_of_record
TN:
SF:src/components/BuyerHomeButton.jsx
FN:4,(anonymous_0)
FNF:1
FNH:1
FNDA:3,(anonymous_0)
DA:4,1
DA:5,3
LF:2
LH:2
BRF:0
BRH:0
end_of_record
TN:
SF:src/components/BuyerHomeCard.jsx
FN:11,(anonymous_0)
FN:19,(anonymous_1)
FN:20,(anonymous_2)
FN:29,(anonymous_3)
FN:36,(anonymous_4)
FNF:5
FNH:5
FNDA:13,(anonymous_0)
FNDA:7,(anonymous_1)
FNDA:7,(anonymous_2)
FNDA:2,(anonymous_3)
FNDA:1,(anonymous_4)
DA:11,1
DA:12,13
DA:13,13
DA:14,13
DA:15,13
DA:16,13
DA:19,13
DA:20,7
DA:21,7
DA:22,6
DA:23,6
DA:24,6
DA:26,7
DA:29,13
DA:30,2
DA:31,1
DA:32,1
DA:34,1
DA:35,1
DA:36,1
DA:39,13
LF:21
LH:21
BRDA:11,0,0,0
BRDA:21,1,0,1
BRDA:21,1,1,6
BRDA:21,2,0,7
BRDA:21,2,1,6
BRDA:24,3,0,5
BRDA:24,3,1,1
BRDA:30,4,0,1
BRDA:30,4,1,1
BRDA:43,5,0,13
BRDA:43,5,1,1
BRDA:51,6,0,13
BRDA:51,6,1,1
BRDA:54,7,0,13
BRDA:54,7,1,6
BRDA:55,8,0,5
BRDA:55,8,1,1
BRDA:64,9,0,13
BRDA:64,9,1,12
BRDA:68,10,0,13
BRDA:68,10,1,13
BRDA:83,11,0,13
BRDA:83,11,1,1
BRF:23
BRH:22
end_of_record
TN:
SF:src/components/BuyerHomeInput.jsx
FN:3,(anonymous_0)
FNF:1
FNH:1
FNDA:3,(anonymous_0)
DA:3,1
DA:4,3
LF:2
LH:2
BRDA:15,0,0,3
BRDA:15,0,1,0
BRF:2
BRH:1
end_of_record
TN:
SF:src/components/Cart.jsx
FN:12,(anonymous_0)
FN:16,(anonymous_1)
FN:17,(anonymous_2)
FN:23,(anonymous_3)
FN:26,(anonymous_4)
FN:30,(anonymous_5)
FN:38,(anonymous_6)
FN:59,(anonymous_7)
FN:74,(anonymous_8)
FN:82,(anonymous_9)
FN:93,(anonymous_10)
FNF:11
FNH:11
FNDA:6,(anonymous_0)
FNDA:6,(anonymous_1)
FNDA:6,(anonymous_2)
FNDA:6,(anonymous_3)
FNDA:1,(anonymous_4)
FNDA:1,(anonymous_5)
FNDA:1,(anonymous_6)
FNDA:5,(anonymous_7)
FNDA:1,(anonymous_8)
FNDA:1,(anonymous_9)
FNDA:1,(anonymous_10)
DA:12,1
DA:13,6
DA:14,6
DA:16,6
DA:17,6
DA:18,6
DA:19,6
DA:23,6
DA:26,6
DA:27,1
DA:30,6
DA:31,1
DA:32,1
DA:34,0
DA:38,6
DA:39,1
DA:42,6
DA:60,5
DA:74,1
DA:82,1
DA:93,1
LF:21
LH:20
BRDA:18,0,0,6
BRDA:18,0,1,0
BRDA:31,1,0,1
BRDA:31,1,1,0
BRDA:46,2,0,6
BRDA:46,2,1,5
BRDA:49,3,0,1
BRDA:49,3,1,5
BRF:8
BRH:6
end_of_record
TN:
SF:src/components/CartContext.jsx
FN:9,(anonymous_0)
FN:18,(anonymous_1)
FN:23,(anonymous_2)
FN:24,(anonymous_3)
FN:26,(anonymous_4)
FN:27,(anonymous_5)
FN:30,(anonymous_6)
FN:31,(anonymous_7)
FN:42,(anonymous_8)
FN:46,(anonymous_9)
FN:52,(anonymous_10)
FN:55,(anonymous_11)
FN:93,(anonymous_12)
FN:97,(anonymous_13)
FN:112,(anonymous_14)
FN:123,(anonymous_15)
FN:129,(anonymous_16)
FN:153,(anonymous_17)
FNF:18
FNH:15
FNDA:1,(anonymous_0)
FNDA:2,(anonymous_1)
FNDA:1,(anonymous_2)
FNDA:1,(anonymous_3)
FNDA:2,(anonymous_4)
FNDA:1,(anonymous_5)
FNDA:1,(anonymous_6)
FNDA:1,(anonymous_7)
FNDA:0,(anonymous_8)
FNDA:0,(anonymous_9)
FNDA:2,(anonymous_10)
FNDA:2,(anonymous_11)
FNDA:1,(anonymous_12)
FNDA:1,(anonymous_13)
FNDA:2,(anonymous_14)
FNDA:1,(anonymous_15)
FNDA:0,(anonymous_16)
FNDA:8,(anonymous_17)
DA:7,2
DA:9,2
DA:10,1
DA:12,1
DA:14,0
DA:18,2
DA:19,2
DA:20,2
DA:21,2
DA:23,2
DA:24,2
DA:26,2
DA:27,2
DA:28,1
DA:29,1
DA:30,1
DA:31,1
DA:32,1
DA:33,1
DA:40,1
DA:41,1
DA:43,0
DA:44,0
DA:46,1
DA:48,0
DA:49,0
DA:52,2
DA:55,2
DA:56,2
DA:57,2
DA:59,2
DA:60,2
DA:61,2
DA:62,2
DA:64,2
DA:65,2
DA:66,2
DA:67,2
DA:68,2
DA:70,2
DA:71,0
DA:72,0
DA:75,2
DA:76,0
DA:78,2
DA:79,2
DA:89,0
DA:93,2
DA:94,1
DA:97,2
DA:98,1
DA:99,1
DA:100,1
DA:101,1
DA:102,0
DA:103,0
DA:105,1
DA:108,0
DA:112,2
DA:113,2
DA:114,2
DA:115,2
DA:116,2
DA:117,2
DA:119,0
DA:123,2
DA:124,1
DA:125,1
DA:126,1
DA:127,1
DA:128,1
DA:129,1
DA:130,1
DA:132,0
DA:136,2
DA:153,2
DA:154,8
DA:155,8
DA:156,8
LF:79
LH:65
BRDA:10,0,0,1
BRDA:10,0,1,0
BRDA:28,1,0,1
BRDA:28,1,1,0
BRDA:55,2,0,1
BRDA:57,3,0,0
BRDA:57,3,1,2
BRDA:62,4,0,2
BRDA:62,4,1,0
BRDA:62,5,0,2
BRDA:62,5,1,0
BRDA:67,6,0,2
BRDA:67,6,1,0
BRDA:68,7,0,0
BRDA:68,7,1,2
BRDA:70,8,0,0
BRDA:70,8,1,2
BRDA:75,9,0,0
BRDA:75,9,1,2
BRDA:99,10,0,0
BRDA:99,10,1,1
BRDA:101,11,0,0
BRDA:101,11,1,1
BRDA:114,12,0,0
BRDA:114,12,1,2
BRDA:125,13,0,0
BRDA:125,13,1,1
BRDA:155,14,0,0
BRDA:155,14,1,8
BRF:29
BRH:15
end_of_record
TN:
SF:src/components/LoadCredits.jsx
FN:8,LoadCredits
FN:14,(anonymous_1)
FN:46,(anonymous_2)
FN:59,(anonymous_3)
FNF:4
FNH:3
FNDA:26,LoadCredits
FNDA:7,(anonymous_1)
FNDA:0,(anonymous_2)
FNDA:7,(anonymous_3)
DA:9,26
DA:10,26
DA:11,26
DA:12,26
DA:14,26
DA:15,7
DA:16,7
DA:17,2
DA:18,2
DA:21,5
DA:22,5
DA:23,0
DA:24,0
DA:27,5
DA:28,5
DA:29,5
DA:30,5
DA:31,4
DA:33,4
DA:34,1
DA:35,1
DA:38,3
DA:39,3
DA:40,3
DA:42,1
DA:43,1
DA:45,5
DA:46,5
DA:50,26
DA:59,7
LF:30
LH:28
BRDA:16,0,0,2
BRDA:16,0,1,5
BRDA:16,1,0,7
BRDA:16,1,1,6
BRDA:22,2,0,0
BRDA:22,2,1,5
BRDA:31,3,0,2
BRDA:31,3,1,2
BRDA:31,4,0,4
BRDA:31,4,1,3
BRDA:33,5,0,1
BRDA:33,5,1,3
BRDA:63,6,0,5
BRDA:63,6,1,21
BRDA:65,7,0,26
BRDA:65,7,1,8
BRF:16
BRH:15
end_of_record
TN:
SF:src/components/LoadingBar.jsx
FN:5,LoadingBar
FN:8,(anonymous_1)
FN:10,(anonymous_2)
FN:20,(anonymous_3)
FNF:4
FNH:4
FNDA:6,LoadingBar
FNDA:3,(anonymous_1)
FNDA:251,(anonymous_2)
FNDA:3,(anonymous_3)
DA:6,6
DA:8,6
DA:9,3
DA:10,3
DA:11,251
DA:12,251
DA:13,251
DA:14,251
DA:15,251
DA:16,250
DA:19,3
DA:20,3
DA:23,6
LF:13
LH:13
BRDA:5,0,0,1
BRDA:11,1,0,2
BRDA:11,1,1,249
BRDA:15,2,0,250
BRDA:15,2,1,1
BRF:5
BRH:5
end_of_record
TN:
SF:src/components/ManageStore.jsx
FN:10,ManageStore
FN:21,(anonymous_1)
FN:22,(anonymous_2)
FN:52,(anonymous_3)
FN:53,(anonymous_4)
FN:60,(anonymous_5)
FN:66,(anonymous_6)
FN:69,(anonymous_7)
FN:72,(anonymous_8)
FN:77,(anonymous_9)
FN:82,(anonymous_10)
FN:86,(anonymous_11)
FN:95,(anonymous_12)
FN:112,(anonymous_13)
FN:134,(anonymous_14)
FN:135,(anonymous_15)
FN:136,(anonymous_16)
FN:140,(anonymous_17)
FN:152,(anonymous_18)
FN:192,(anonymous_19)
FN:201,(anonymous_20)
FN:239,(anonymous_21)
FN:246,(anonymous_22)
FN:277,(anonymous_23)
FN:288,(anonymous_24)
FN:318,(anonymous_25)
FN:322,(anonymous_26)
FN:328,(anonymous_27)
FNF:28
FNH:12
FNDA:19,ManageStore
FNDA:7,(anonymous_1)
FNDA:6,(anonymous_2)
FNDA:5,(anonymous_3)
FNDA:6,(anonymous_4)
FNDA:0,(anonymous_5)
FNDA:0,(anonymous_6)
FNDA:7,(anonymous_7)
FNDA:0,(anonymous_8)
FNDA:0,(anonymous_9)
FNDA:0,(anonymous_10)
FNDA:0,(anonymous_11)
FNDA:1,(anonymous_12)
FNDA:0,(anonymous_13)
FNDA:0,(anonymous_14)
FNDA:0,(anonymous_15)
FNDA:0,(anonymous_16)
FNDA:8,(anonymous_17)
FNDA:1,(anonymous_18)
FNDA:1,(anonymous_19)
FNDA:0,(anonymous_20)
FNDA:7,(anonymous_21)
FNDA:0,(anonymous_22)
FNDA:1,(anonymous_23)
FNDA:0,(anonymous_24)
FNDA:0,(anonymous_25)
FNDA:0,(anonymous_26)
FNDA:0,(anonymous_27)
DA:11,19
DA:12,19
DA:13,19
DA:14,19
DA:15,19
DA:16,19
DA:17,19
DA:18,19
DA:19,19
DA:21,19
DA:22,7
DA:23,6
DA:24,1
DA:25,1
DA:26,1
DA:28,5
DA:29,5
DA:31,5
DA:32,5
DA:33,4
DA:34,3
DA:36,1
DA:37,1
DA:38,1
DA:40,0
DA:44,1
DA:45,1
DA:48,5
DA:49,5
DA:50,5
DA:53,6
DA:58,5
DA:61,0
DA:62,0
DA:63,0
DA:66,5
DA:69,7
DA:72,19
DA:73,0
DA:74,0
DA:77,19
DA:78,0
DA:79,0
DA:82,19
DA:83,0
DA:84,0
DA:85,0
DA:86,0
DA:88,0
DA:90,0
DA:91,0
DA:95,19
DA:96,1
DA:97,0
DA:98,0
DA:99,0
DA:101,1
DA:102,1
DA:103,1
DA:104,1
DA:105,1
DA:107,0
DA:108,0
DA:112,19
DA:113,0
DA:114,0
DA:115,0
DA:116,0
DA:118,0
DA:119,0
DA:120,0
DA:121,0
DA:122,0
DA:123,0
DA:125,0
DA:126,0
DA:127,0
DA:129,0
DA:130,0
DA:134,19
DA:135,0
DA:136,0
DA:140,19
DA:141,8
DA:145,19
DA:146,2
DA:152,1
DA:161,17
DA:162,12
DA:174,5
DA:192,1
DA:201,0
DA:240,7
DA:247,0
DA:248,0
DA:277,1
DA:288,0
DA:319,0
DA:322,0
DA:328,0
LF:100
LH:56
BRDA:23,0,0,1
BRDA:23,0,1,5
BRDA:33,1,0,3
BRDA:33,1,1,1
BRDA:37,2,0,1
BRDA:37,2,1,0
BRDA:37,3,0,1
BRDA:37,3,1,1
BRDA:48,4,0,5
BRDA:48,4,1,0
BRDA:83,5,0,0
BRDA:83,5,1,0
BRDA:83,6,0,0
BRDA:83,6,1,0
BRDA:96,7,0,0
BRDA:96,7,1,1
BRDA:102,8,0,0
BRDA:102,8,1,1
BRDA:105,9,0,1
BRDA:105,9,1,0
BRDA:113,10,0,0
BRDA:113,10,1,0
BRDA:119,11,0,0
BRDA:119,11,1,0
BRDA:121,12,0,0
BRDA:121,12,1,0
BRDA:121,13,0,0
BRDA:121,13,1,0
BRDA:136,14,0,0
BRDA:136,14,1,0
BRDA:141,15,0,8
BRDA:141,15,1,2
BRDA:145,16,0,2
BRDA:145,16,1,17
BRDA:161,17,0,12
BRDA:161,17,1,5
BRDA:232,18,0,1
BRDA:232,18,1,4
BRDA:235,19,0,1
BRDA:235,19,1,0
BRDA:243,20,0,7
BRDA:243,20,1,0
BRDA:263,21,0,4
BRDA:263,21,1,3
BRDA:306,22,0,5
BRDA:306,22,1,0
BRDA:321,23,0,0
BRDA:321,23,1,0
BRDA:332,24,0,0
BRDA:332,24,1,0
BRF:50
BRH:24
end_of_record
TN:
SF:src/components/OrderCard.jsx
FN:4,(anonymous_0)
FNF:1
FNH:1
FNDA:6,(anonymous_0)
DA:4,1
DA:5,6
LF:2
LH:2
BRF:0
BRH:0
end_of_record
TN:
SF:src/components/PaymentPage.jsx
FN:10,PaymentPage
FN:24,(anonymous_1)
FN:27,(anonymous_2)
FN:33,(anonymous_3)
FN:51,(anonymous_4)
FN:63,(anonymous_5)
FN:99,(anonymous_6)
FN:162,(anonymous_7)
FNF:8
FNH:5
FNDA:6,PaymentPage
FNDA:6,(anonymous_1)
FNDA:6,(anonymous_2)
FNDA:1,(anonymous_3)
FNDA:0,(anonymous_4)
FNDA:0,(anonymous_5)
FNDA:0,(anonymous_6)
FNDA:1,(anonymous_7)
DA:11,6
DA:12,6
DA:13,6
DA:14,6
DA:15,6
DA:16,6
DA:18,6
DA:19,6
DA:20,6
DA:21,6
DA:22,6
DA:24,6
DA:25,6
DA:26,6
DA:27,6
DA:28,6
DA:33,6
DA:34,1
DA:35,1
DA:36,1
DA:37,1
DA:38,1
DA:39,1
DA:41,0
DA:42,0
DA:43,0
DA:44,0
DA:47,0
DA:48,0
DA:49,0
DA:50,0
DA:51,0
DA:52,0
DA:53,0
DA:54,0
DA:56,0
DA:57,0
DA:59,0
DA:63,6
DA:64,0
DA:65,0
DA:66,0
DA:67,0
DA:70,0
DA:71,0
DA:72,0
DA:74,0
DA:76,0
DA:77,0
DA:78,0
DA:80,0
DA:81,0
DA:84,0
DA:85,0
DA:86,0
DA:91,0
DA:92,0
DA:95,0
DA:96,0
DA:99,0
DA:113,0
DA:114,0
DA:115,0
DA:116,0
DA:119,0
DA:120,0
DA:129,0
DA:131,0
DA:138,0
DA:139,0
DA:141,0
DA:142,0
DA:143,0
DA:145,0
DA:149,6
DA:162,1
LF:76
LH:26
BRDA:13,0,0,6
BRDA:13,0,1,0
BRDA:25,1,0,6
BRDA:25,1,1,0
BRDA:28,2,0,6
BRDA:28,2,1,0
BRDA:28,3,0,6
BRDA:28,3,1,0
BRDA:35,4,0,0
BRDA:35,4,1,1
BRDA:36,5,0,1
BRDA:36,5,1,0
BRDA:36,6,0,1
BRDA:36,6,1,1
BRDA:41,7,0,0
BRDA:41,7,1,0
BRDA:64,8,0,0
BRDA:64,8,1,0
BRDA:80,9,0,0
BRDA:80,9,1,0
BRDA:85,10,0,0
BRDA:85,10,1,0
BRDA:100,11,0,0
BRDA:100,11,1,0
BRDA:122,12,0,0
BRDA:122,12,1,0
BRDA:133,13,0,0
BRDA:133,13,1,0
BRDA:142,14,0,0
BRDA:142,14,1,0
BRDA:167,15,0,6
BRDA:167,15,1,2
BRDA:168,16,0,6
BRDA:168,16,1,0
BRF:34
BRH:11
end_of_record
TN:
SF:src/components/PaymentSuccess.jsx
FN:5,PaymentSuccess
FNF:1
FNH:1
FNDA:1,PaymentSuccess
DA:6,1
LF:1
LH:1
BRF:0
BRH:0
end_of_record
TN:
SF:src/components/card.jsx
FN:3,Card
FN:5,(anonymous_1)
FN:21,(anonymous_2)
FN:28,(anonymous_3)
FN:40,(anonymous_4)
FNF:5
FNH:4
FNDA:5,Card
FNDA:5,(anonymous_1)
FNDA:5,(anonymous_2)
FNDA:5,(anonymous_3)
FNDA:0,(anonymous_4)
DA:5,5
DA:6,5
DA:8,0
DA:10,4
DA:12,0
DA:14,0
DA:16,1
DA:21,5
DA:23,5
DA:24,5
DA:28,5
DA:29,5
DA:30,4
DA:33,5
DA:41,0
DA:42,0
LF:16
LH:11
BRDA:6,0,0,0
BRDA:6,0,1,4
BRDA:6,0,2,0
BRDA:6,0,3,0
BRDA:6,0,4,1
BRDA:23,1,0,4
BRDA:23,1,1,1
BRDA:23,2,0,1
BRDA:23,2,1,1
BRDA:29,3,0,1
BRDA:29,3,1,4
BRDA:50,4,0,5
BRDA:50,4,1,4
BRDA:53,5,0,5
BRDA:53,5,1,1
BRDA:58,6,0,5
BRDA:58,6,1,1
BRDA:61,7,0,5
BRDA:61,7,1,1
BRF:19
BRH:16
end_of_record
TN:
SF:src/components/footer.jsx
FN:2,Footer
FNF:1
FNH:1
FNDA:2,Footer
DA:3,2
LF:1
LH:1
BRF:0
BRH:0
end_of_record
TN:
SF:src/components/nav.jsx
FN:8,Navigation
FN:16,(anonymous_1)
FN:17,(anonymous_2)
FN:27,(anonymous_3)
FN:44,(anonymous_4)
FN:49,(anonymous_5)
FN:54,(anonymous_6)
FN:77,(anonymous_7)
FN:77,(anonymous_8)
FNF:9
FNH:9
FNDA:16,Navigation
FNDA:16,(anonymous_1)
FNDA:16,(anonymous_2)
FNDA:1,(anonymous_3)
FNDA:6,(anonymous_4)
FNDA:6,(anonymous_5)
FNDA:6,(anonymous_6)
FNDA:3,(anonymous_7)
FNDA:3,(anonymous_8)
DA:9,16
DA:10,16
DA:11,16
DA:12,16
DA:13,16
DA:16,16
DA:17,16
DA:19,16
DA:20,16
DA:21,0
DA:24,16
DA:27,16
DA:28,1
DA:29,1
DA:31,1
DA:33,0
DA:37,16
DA:42,16
DA:44,6
DA:49,6
DA:54,6
DA:67,16
DA:77,3
LF:23
LH:21
BRDA:20,0,0,0
BRDA:20,0,1,16
BRDA:20,1,0,16
BRDA:20,1,1,6
BRDA:37,2,0,16
BRDA:37,2,1,14
BRDA:44,3,0,0
BRDA:44,3,1,6
BRDA:49,4,0,0
BRDA:49,4,1,6
BRDA:54,5,0,0
BRDA:54,5,1,6
BRDA:79,6,0,2
BRDA:79,6,1,14
BRDA:83,7,0,16
BRDA:83,7,1,2
BRF:16
BRH:12
end_of_record
TN:
SF:src/components/sellerNav.jsx
FN:6,Navi
FN:11,(anonymous_1)
FN:21,(anonymous_2)
FN:31,(anonymous_3)
FN:40,(anonymous_4)
FN:48,(anonymous_5)
FN:56,(anonymous_6)
FN:76,(anonymous_7)
FN:76,(anonymous_8)
FNF:9
FNH:8
FNDA:5,Navi
FNDA:0,(anonymous_1)
FNDA:6,(anonymous_2)
FNDA:6,(anonymous_3)
FNDA:6,(anonymous_4)
FNDA:6,(anonymous_5)
FNDA:6,(anonymous_6)
FNDA:2,(anonymous_7)
FNDA:2,(anonymous_8)
DA:7,5
DA:8,5
DA:9,5
DA:11,5
DA:12,0
DA:13,0
DA:14,0
DA:16,0
DA:21,5
DA:22,6
DA:31,6
DA:40,6
DA:48,6
DA:56,6
DA:64,5
DA:76,2
LF:16
LH:12
BRDA:31,0,0,0
BRDA:31,0,1,6
BRDA:40,1,0,0
BRDA:40,1,1,6
BRDA:48,2,0,0
BRDA:48,2,1,6
BRDA:56,3,0,0
BRDA:56,3,1,6
BRDA:78,4,0,1
BRDA:78,4,1,4
BRDA:82,5,0,5
BRDA:82,5,1,1
BRF:12
BRH:8
end_of_record
